#! /opt/homebrew/Cellar/icarus-verilog/11.0/bin/vvp
:ivl_version "11.0 (stable)";
:ivl_delay_selection "TYPICAL";
:vpi_time_precision + 0;
:vpi_module "/opt/homebrew/Cellar/icarus-verilog/11.0/lib/ivl/system.vpi";
:vpi_module "/opt/homebrew/Cellar/icarus-verilog/11.0/lib/ivl/vhdl_sys.vpi";
:vpi_module "/opt/homebrew/Cellar/icarus-verilog/11.0/lib/ivl/vhdl_textio.vpi";
:vpi_module "/opt/homebrew/Cellar/icarus-verilog/11.0/lib/ivl/v2005_math.vpi";
:vpi_module "/opt/homebrew/Cellar/icarus-verilog/11.0/lib/ivl/va_math.vpi";
S_0x137e20ed0 .scope module, "Ander" "Ander" 2 16;
 .timescale 0 0;
    .port_info 0 /INPUT 32 "data1_i";
    .port_info 1 /INPUT 32 "data2_i";
    .port_info 2 /OUTPUT 1 "data_o";
o0x128050040 .functor BUFZ 32, C4<zzzzzzzzzzzzzzzzzzzzzzzzzzzzzzzz>; HiZ drive
o0x128050070 .functor BUFZ 32, C4<zzzzzzzzzzzzzzzzzzzzzzzzzzzzzzzz>; HiZ drive
L_0x600000f31f80 .functor AND 32, o0x128050040, o0x128050070, C4<11111111111111111111111111111111>, C4<11111111111111111111111111111111>;
v0x600001631ef0_0 .net *"_ivl_0", 31 0, L_0x600000f31f80;  1 drivers
v0x600001631f80_0 .net "data1_i", 31 0, o0x128050040;  0 drivers
v0x600001632010_0 .net "data2_i", 31 0, o0x128050070;  0 drivers
v0x6000016320a0_0 .net "data_o", 0 0, L_0x600001534a00;  1 drivers
L_0x600001534a00 .part L_0x600000f31f80, 0, 1;
S_0x137e23b70 .scope module, "Equaler" "Equaler" 2 31;
 .timescale 0 0;
    .port_info 0 /INPUT 32 "data1_i";
    .port_info 1 /INPUT 32 "data2_i";
    .port_info 2 /OUTPUT 1 "data_o";
o0x128050160 .functor BUFZ 32, C4<zzzzzzzzzzzzzzzzzzzzzzzzzzzzzzzz>; HiZ drive
v0x600001632130_0 .net "data1_i", 31 0, o0x128050160;  0 drivers
o0x128050190 .functor BUFZ 32, C4<zzzzzzzzzzzzzzzzzzzzzzzzzzzzzzzz>; HiZ drive
v0x6000016321c0_0 .net "data2_i", 31 0, o0x128050190;  0 drivers
v0x600001632250_0 .net "data_o", 0 0, L_0x6000015341e0;  1 drivers
L_0x6000015341e0 .cmp/eq 32, o0x128050160, o0x128050190;
S_0x137e297b0 .scope module, "TestBench" "TestBench" 3 3;
 .timescale 0 0;
P_0x600003125480 .param/l "num_cycles" 0 3 9, +C4<00000000000000000000000001000000>;
v0x600001626130_0 .var "Clk", 0 0;
v0x6000016261c0_0 .var "Reset", 0 0;
v0x600001626250_0 .var/i "counter", 31 0;
v0x6000016262e0_0 .var/i "i", 31 0;
v0x600001626370_0 .var/i "outfile", 31 0;
S_0x137e20ba0 .scope module, "CPU" "CPU" 3 13, 4 1 0, S_0x137e297b0;
 .timescale 0 0;
    .port_info 0 /INPUT 1 "clk_i";
    .port_info 1 /INPUT 1 "rst_i";
P_0x600000a30c80 .param/l "FOUR" 0 4 20, +C4<00000000000000000000000000000100>;
P_0x600000a30cc0 .param/l "dotcar" 0 4 192, C4<00000000000000000000000000000000>;
L_0x600000f31ff0 .functor AND 1, L_0x600001536300, L_0x600000f32760, C4<1>, C4<1>;
L_0x600000f320d0 .functor AND 1, L_0x600001536300, L_0x600000f32760, C4<1>, C4<1>;
L_0x600000f32140 .functor OR 1, L_0x600000f32bc0, L_0x600000f320d0, C4<0>, C4<0>;
v0x60000163b9f0_0 .net *"_ivl_14", 31 0, L_0x600001534fa0;  1 drivers
v0x60000163ba80_0 .net *"_ivl_16", 30 0, L_0x600001534f00;  1 drivers
L_0x1280881c0 .functor BUFT 1, C4<0>, C4<0>, C4<0>, C4<0>;
v0x60000163bb10_0 .net *"_ivl_18", 0 0, L_0x1280881c0;  1 drivers
v0x60000163bba0_0 .net *"_ivl_5", 0 0, L_0x600000f320d0;  1 drivers
v0x60000163bc30_0 .net "alu_op1", 31 0, v0x60000163a130_0;  1 drivers
v0x60000163bcc0_0 .net "alu_op2", 31 0, L_0x6000015369e0;  1 drivers
v0x60000163bd50_0 .net "alu_result", 31 0, v0x600001632490_0;  1 drivers
v0x60000163bde0_0 .net "alu_result_mem", 31 0, v0x60000163d4d0_0;  1 drivers
v0x60000163be70_0 .net "alu_result_wb", 31 0, v0x60000163a6d0_0;  1 drivers
v0x60000163bf00_0 .net "aluctrl", 3 0, v0x600001632d00_0;  1 drivers
v0x600001624000_0 .net "aluctrl_exe", 3 0, v0x60000163f0f0_0;  1 drivers
v0x600001624090_0 .net "alusrc", 0 0, L_0x600001535d60;  1 drivers
v0x600001624120_0 .net "alusrc_exe", 0 0, v0x60000163f210_0;  1 drivers
v0x6000016241b0_0 .net "branch_instr", 0 0, L_0x600000f32760;  1 drivers
v0x600001624240_0 .net "branch_instr_exe", 0 0, v0x60000163f330_0;  1 drivers
v0x6000016242d0_0 .net "branch_pred", 0 0, L_0x600001536300;  1 drivers
v0x600001624360_0 .net "branch_pred_exe", 0 0, v0x60000163f450_0;  1 drivers
v0x6000016243f0_0 .net "clk_i", 0 0, v0x600001626130_0;  1 drivers
v0x600001624480_0 .net "forwardA", 1 0, L_0x600001536580;  1 drivers
v0x600001624510_0 .net "forwardB", 1 0, L_0x600001536800;  1 drivers
v0x6000016245a0_0 .net "imm", 31 0, v0x6000016386c0_0;  1 drivers
v0x600001624630_0 .net "imm_exe", 31 0, v0x60000163f690_0;  1 drivers
v0x6000016246c0_0 .net "instruction", 31 0, L_0x600000f32060;  1 drivers
v0x600001624750_0 .net "instruction_id", 31 0, v0x600001638480_0;  1 drivers
v0x6000016247e0_0 .net "is_mispredict", 0 0, L_0x600000f32bc0;  1 drivers
v0x600001624870_0 .net "is_zero", 0 0, L_0x600001536a80;  1 drivers
v0x600001624900_0 .net "mem2reg", 0 0, L_0x600000f326f0;  1 drivers
v0x600001624990_0 .net "mem2reg_exe", 0 0, v0x60000163f7b0_0;  1 drivers
v0x600001624a20_0 .net "mem2reg_mem", 0 0, v0x60000163d680_0;  1 drivers
v0x600001624ab0_0 .net "mem2reg_wb", 0 0, v0x60000163a880_0;  1 drivers
v0x600001624b40_0 .net "mem_result", 31 0, L_0x6000015370c0;  1 drivers
v0x600001624bd0_0 .net "mem_result_wb", 31 0, v0x60000163a9a0_0;  1 drivers
v0x600001624c60_0 .net "memread", 0 0, L_0x600000f32610;  1 drivers
v0x600001624cf0_0 .net "memread_exe", 0 0, v0x60000163f8d0_0;  1 drivers
v0x600001624d80_0 .net "memread_mem", 0 0, v0x60000163d7a0_0;  1 drivers
v0x600001624e10_0 .net "memwrite", 0 0, L_0x600000f32680;  1 drivers
v0x600001624ea0_0 .net "memwrite_exe", 0 0, v0x60000163f9f0_0;  1 drivers
v0x600001624f30_0 .net "memwrite_mem", 0 0, v0x60000163d9e0_0;  1 drivers
v0x600001624fc0_0 .net "next_pc", 31 0, L_0x600001534aa0;  1 drivers
v0x600001625050_0 .net "noop", 0 0, L_0x600000f32920;  1 drivers
v0x6000016250e0_0 .net "pc", 31 0, v0x60000163ae20_0;  1 drivers
v0x600001625170_0 .net "pc_exe", 31 0, v0x60000163fb10_0;  1 drivers
v0x600001625200_0 .net "pc_go_on", 31 0, L_0x600001534140;  1 drivers
v0x600001625290_0 .net "pc_id", 31 0, v0x6000016385a0_0;  1 drivers
v0x600001625320_0 .net "pc_plus_four", 31 0, L_0x600001534000;  1 drivers
v0x6000016253b0_0 .net "pc_predict_branch", 31 0, L_0x600001535040;  1 drivers
v0x600001625440_0 .net "pc_rollback", 31 0, L_0x600001536e40;  1 drivers
v0x6000016254d0_0 .net "pcwrite", 0 0, L_0x600001536120;  1 drivers
v0x600001625560_0 .net "rd_addr", 4 0, L_0x600001534e60;  1 drivers
v0x6000016255f0_0 .net "rd_addr_exe", 4 0, v0x60000163fc30_0;  1 drivers
v0x600001625680_0 .net "rd_addr_mem", 4 0, v0x60000163db00_0;  1 drivers
v0x600001625710_0 .net "rd_addr_wb", 4 0, v0x60000163aac0_0;  1 drivers
v0x6000016257a0_0 .net "rd_data", 31 0, L_0x6000015372a0;  1 drivers
v0x600001625830_0 .net "regwrite", 0 0, L_0x600000f32530;  1 drivers
v0x6000016258c0_0 .net "regwrite_exe", 0 0, v0x60000163fd50_0;  1 drivers
v0x600001625950_0 .net "regwrite_mem", 0 0, v0x60000163dc20_0;  1 drivers
v0x6000016259e0_0 .net "regwrite_wb", 0 0, v0x60000163abe0_0;  1 drivers
v0x600001625a70_0 .net "rs1", 31 0, L_0x6000015352c0;  1 drivers
v0x600001625b00_0 .net "rs1_addr", 4 0, L_0x600001534d20;  1 drivers
v0x600001625b90_0 .net "rs1_addr_exe", 4 0, v0x60000163fe70_0;  1 drivers
v0x600001625c20_0 .net "rs1_exe", 31 0, v0x600001638000_0;  1 drivers
v0x600001625cb0_0 .net "rs2", 31 0, L_0x600001535540;  1 drivers
v0x600001625d40_0 .net "rs2_addr", 4 0, L_0x600001534dc0;  1 drivers
v0x600001625dd0_0 .net "rs2_addr_exe", 4 0, v0x600001638120_0;  1 drivers
v0x600001625e60_0 .net "rs2_exe", 31 0, v0x600001638240_0;  1 drivers
v0x600001625ef0_0 .net "rs2_exe_forwarded", 31 0, v0x60000163a520_0;  1 drivers
v0x600001625f80_0 .net "rs2_mem", 31 0, v0x60000163d8c0_0;  1 drivers
v0x600001626010_0 .net "rst_i", 0 0, v0x6000016261c0_0;  1 drivers
v0x6000016260a0_0 .net "stall", 0 0, L_0x600000f328b0;  1 drivers
L_0x600001534d20 .part v0x600001638480_0, 15, 5;
L_0x600001534dc0 .part v0x600001638480_0, 20, 5;
L_0x600001534e60 .part v0x600001638480_0, 7, 5;
L_0x600001534f00 .part v0x6000016386c0_0, 0, 31;
L_0x600001534fa0 .concat [ 1 31 0 0], L_0x1280881c0, L_0x600001534f00;
L_0x600001535040 .arith/sum 32, v0x6000016385a0_0, L_0x600001534fa0;
L_0x600001535e00 .part v0x600001638480_0, 0, 7;
L_0x600001535ea0 .part v0x600001638480_0, 12, 3;
L_0x600001535f40 .part v0x600001638480_0, 25, 7;
S_0x137e2c470 .scope module, "ALU" "ALU" 4 217, 5 3 0, S_0x137e20ba0;
 .timescale 0 0;
    .port_info 0 /INPUT 32 "op1";
    .port_info 1 /INPUT 32 "op2";
    .port_info 2 /INPUT 4 "aluctrl";
    .port_info 3 /OUTPUT 32 "result";
    .port_info 4 /OUTPUT 1 "zero";
v0x6000016322e0_0 .net "aluctrl", 3 0, v0x60000163f0f0_0;  alias, 1 drivers
v0x600001632370_0 .net "op1", 31 0, v0x60000163a130_0;  alias, 1 drivers
v0x600001632400_0 .net "op2", 31 0, L_0x6000015369e0;  alias, 1 drivers
v0x600001632490_0 .var "result", 31 0;
v0x600001632520_0 .net "shamt", 4 0, L_0x600001536b20;  1 drivers
v0x6000016325b0_0 .net "zero", 0 0, L_0x600001536a80;  alias, 1 drivers
E_0x600002a1c0f0 .event edge, v0x6000016322e0_0, v0x600001632370_0, v0x600001632400_0, v0x600001632520_0;
L_0x600001536a80 .cmp/eq 32, v0x60000163a130_0, L_0x6000015369e0;
L_0x600001536b20 .part L_0x6000015369e0, 0, 5;
S_0x137e2bd10 .scope module, "Add_PC" "Adder" 4 66, 2 1 0, S_0x137e20ba0;
 .timescale 0 0;
    .port_info 0 /INPUT 32 "data1_i";
    .port_info 1 /INPUT 32 "data2_i";
    .port_info 2 /OUTPUT 32 "data_o";
v0x600001632640_0 .net "data1_i", 31 0, v0x60000163ae20_0;  alias, 1 drivers
L_0x128088010 .functor BUFT 1, C4<00000000000000000000000000000100>, C4<0>, C4<0>, C4<0>;
v0x6000016326d0_0 .net "data2_i", 31 0, L_0x128088010;  1 drivers
v0x600001632760_0 .net "data_o", 31 0, L_0x600001534000;  alias, 1 drivers
L_0x600001534000 .arith/sum 32, v0x60000163ae20_0, L_0x128088010;
S_0x137e2be80 .scope module, "Branch_Predictor" "Branch_Predictor" 4 160, 6 1 0, S_0x137e20ba0;
 .timescale 0 0;
    .port_info 0 /INPUT 1 "clk_i";
    .port_info 1 /INPUT 1 "rst_i";
    .port_info 2 /INPUT 1 "update_i";
    .port_info 3 /INPUT 1 "result_i";
    .port_info 4 /OUTPUT 1 "predict_o";
v0x6000016327f0_0 .net *"_ivl_0", 1 0, L_0x600001536260;  1 drivers
v0x600001632880_0 .net *"_ivl_2", 0 0, L_0x6000015361c0;  1 drivers
L_0x128088490 .functor BUFT 1, C4<0>, C4<0>, C4<0>, C4<0>;
v0x600001632910_0 .net *"_ivl_4", 0 0, L_0x128088490;  1 drivers
v0x6000016329a0_0 .net "clk_i", 0 0, v0x600001626130_0;  alias, 1 drivers
v0x600001632a30_0 .net "predict_o", 0 0, L_0x600001536300;  alias, 1 drivers
v0x600001632ac0_0 .net "result_i", 0 0, L_0x600001536a80;  alias, 1 drivers
v0x600001632b50_0 .net "rst_i", 0 0, v0x6000016261c0_0;  alias, 1 drivers
v0x600001632be0_0 .var "state", 1 0;
v0x600001632c70_0 .net "update_i", 0 0, v0x60000163f330_0;  alias, 1 drivers
E_0x600002a1c2a0 .event posedge, v0x600001632b50_0, v0x6000016329a0_0;
L_0x6000015361c0 .part v0x600001632be0_0, 1, 1;
L_0x600001536260 .concat [ 1 1 0 0], L_0x6000015361c0, L_0x128088490;
L_0x600001536300 .part L_0x600001536260, 0, 1;
S_0x137e0b320 .scope module, "Control" "Control" 4 136, 7 6 0, S_0x137e20ba0;
 .timescale 0 0;
    .port_info 0 /INPUT 7 "opcode";
    .port_info 1 /INPUT 3 "funct3";
    .port_info 2 /INPUT 7 "funct7";
    .port_info 3 /OUTPUT 1 "alusrc";
    .port_info 4 /OUTPUT 4 "aluctrl";
    .port_info 5 /OUTPUT 1 "memread";
    .port_info 6 /OUTPUT 1 "memwrite";
    .port_info 7 /OUTPUT 1 "mem2reg";
    .port_info 8 /OUTPUT 1 "regwrite";
    .port_info 9 /OUTPUT 1 "branch_instr";
    .port_info 10 /INPUT 1 "noop";
L_0x600000f32290 .functor AND 1, L_0x600001535680, L_0x600001535720, C4<1>, C4<1>;
L_0x600000f32300 .functor AND 1, L_0x6000015357c0, L_0x600001535860, C4<1>, C4<1>;
L_0x600000f32370 .functor AND 1, L_0x600001535900, L_0x6000015359a0, C4<1>, C4<1>;
L_0x600000f323e0 .functor AND 1, L_0x600001535a40, L_0x600001535ae0, C4<1>, C4<1>;
L_0x600000f32450 .functor AND 1, L_0x600001535b80, L_0x600001535c20, C4<1>, C4<1>;
L_0x600000f324c0 .functor OR 1, L_0x600000f32290, L_0x600000f32300, C4<0>, C4<0>;
L_0x600000f32530 .functor OR 1, L_0x600000f324c0, L_0x600000f32370, C4<0>, C4<0>;
L_0x600000f325a0 .functor OR 1, L_0x600000f32290, L_0x600000f32450, C4<0>, C4<0>;
L_0x600000f32610 .functor BUFZ 1, L_0x600000f32370, C4<0>, C4<0>, C4<0>;
L_0x600000f32680 .functor BUFZ 1, L_0x600000f323e0, C4<0>, C4<0>, C4<0>;
L_0x600000f326f0 .functor BUFZ 1, L_0x600000f32370, C4<0>, C4<0>, C4<0>;
L_0x600000f32760 .functor BUFZ 1, L_0x600000f32450, C4<0>, C4<0>, C4<0>;
v0x600001632f40_0 .net *"_ivl_1", 0 0, L_0x600001535680;  1 drivers
L_0x1280882e0 .functor BUFT 1, C4<0010011>, C4<0>, C4<0>, C4<0>;
v0x600001632fd0_0 .net/2u *"_ivl_10", 6 0, L_0x1280882e0;  1 drivers
v0x600001633060_0 .net *"_ivl_12", 0 0, L_0x600001535860;  1 drivers
v0x6000016330f0_0 .net *"_ivl_17", 0 0, L_0x600001535900;  1 drivers
L_0x128088328 .functor BUFT 1, C4<0000011>, C4<0>, C4<0>, C4<0>;
v0x600001633180_0 .net/2u *"_ivl_18", 6 0, L_0x128088328;  1 drivers
L_0x128088298 .functor BUFT 1, C4<0110011>, C4<0>, C4<0>, C4<0>;
v0x600001633210_0 .net/2u *"_ivl_2", 6 0, L_0x128088298;  1 drivers
v0x6000016332a0_0 .net *"_ivl_20", 0 0, L_0x6000015359a0;  1 drivers
v0x600001633330_0 .net *"_ivl_25", 0 0, L_0x600001535a40;  1 drivers
L_0x128088370 .functor BUFT 1, C4<0100011>, C4<0>, C4<0>, C4<0>;
v0x6000016333c0_0 .net/2u *"_ivl_26", 6 0, L_0x128088370;  1 drivers
v0x600001633450_0 .net *"_ivl_28", 0 0, L_0x600001535ae0;  1 drivers
v0x6000016334e0_0 .net *"_ivl_33", 0 0, L_0x600001535b80;  1 drivers
L_0x1280883b8 .functor BUFT 1, C4<1100011>, C4<0>, C4<0>, C4<0>;
v0x600001633570_0 .net/2u *"_ivl_34", 6 0, L_0x1280883b8;  1 drivers
v0x600001633600_0 .net *"_ivl_36", 0 0, L_0x600001535c20;  1 drivers
v0x600001633690_0 .net *"_ivl_4", 0 0, L_0x600001535720;  1 drivers
v0x600001633720_0 .net *"_ivl_40", 0 0, L_0x600000f324c0;  1 drivers
v0x6000016337b0_0 .net *"_ivl_44", 0 0, L_0x600000f325a0;  1 drivers
L_0x128088400 .functor BUFT 1, C4<00>, C4<0>, C4<0>, C4<0>;
v0x600001633840_0 .net/2s *"_ivl_46", 1 0, L_0x128088400;  1 drivers
L_0x128088448 .functor BUFT 1, C4<01>, C4<0>, C4<0>, C4<0>;
v0x6000016338d0_0 .net/2s *"_ivl_48", 1 0, L_0x128088448;  1 drivers
v0x600001633960_0 .net *"_ivl_50", 1 0, L_0x600001535cc0;  1 drivers
v0x6000016339f0_0 .net *"_ivl_9", 0 0, L_0x6000015357c0;  1 drivers
v0x600001633a80_0 .net "aluctrl", 3 0, v0x600001632d00_0;  alias, 1 drivers
v0x600001633b10_0 .var "aluop", 1 0;
v0x600001633ba0_0 .net "alusrc", 0 0, L_0x600001535d60;  alias, 1 drivers
v0x600001633c30_0 .net "branch_instr", 0 0, L_0x600000f32760;  alias, 1 drivers
v0x600001633cc0_0 .net "funct3", 2 0, L_0x600001535ea0;  1 drivers
v0x600001633d50_0 .net "funct7", 6 0, L_0x600001535f40;  1 drivers
v0x600001633de0_0 .net "is_beq", 0 0, L_0x600000f32450;  1 drivers
v0x600001633e70_0 .net "is_i_type", 0 0, L_0x600000f32300;  1 drivers
v0x600001633f00_0 .net "is_load", 0 0, L_0x600000f32370;  1 drivers
v0x60000163c000_0 .net "is_r_type", 0 0, L_0x600000f32290;  1 drivers
v0x60000163c090_0 .net "is_store", 0 0, L_0x600000f323e0;  1 drivers
v0x60000163c120_0 .net "mem2reg", 0 0, L_0x600000f326f0;  alias, 1 drivers
v0x60000163c1b0_0 .net "memread", 0 0, L_0x600000f32610;  alias, 1 drivers
v0x60000163c240_0 .net "memwrite", 0 0, L_0x600000f32680;  alias, 1 drivers
v0x60000163c2d0_0 .net "noop", 0 0, L_0x600000f32920;  alias, 1 drivers
v0x60000163c360_0 .net "opcode", 6 0, L_0x600001535e00;  1 drivers
v0x60000163c3f0_0 .net "regwrite", 0 0, L_0x600000f32530;  alias, 1 drivers
E_0x600002a1c150/0 .event edge, v0x60000163c000_0, v0x600001633e70_0, v0x600001633f00_0, v0x60000163c090_0;
E_0x600002a1c150/1 .event edge, v0x600001633de0_0;
E_0x600002a1c150 .event/or E_0x600002a1c150/0, E_0x600002a1c150/1;
L_0x600001535680 .reduce/nor L_0x600000f32920;
L_0x600001535720 .cmp/eq 7, L_0x600001535e00, L_0x128088298;
L_0x6000015357c0 .reduce/nor L_0x600000f32920;
L_0x600001535860 .cmp/eq 7, L_0x600001535e00, L_0x1280882e0;
L_0x600001535900 .reduce/nor L_0x600000f32920;
L_0x6000015359a0 .cmp/eq 7, L_0x600001535e00, L_0x128088328;
L_0x600001535a40 .reduce/nor L_0x600000f32920;
L_0x600001535ae0 .cmp/eq 7, L_0x600001535e00, L_0x128088370;
L_0x600001535b80 .reduce/nor L_0x600000f32920;
L_0x600001535c20 .cmp/eq 7, L_0x600001535e00, L_0x1280883b8;
L_0x600001535cc0 .functor MUXZ 2, L_0x128088448, L_0x128088400, L_0x600000f325a0, C4<>;
L_0x600001535d60 .part L_0x600001535cc0, 0, 1;
S_0x137e0b490 .scope module, "alucontrol" "ALUControl" 7 43, 7 54 0, S_0x137e0b320;
 .timescale 0 0;
    .port_info 0 /INPUT 2 "aluop";
    .port_info 1 /INPUT 3 "funct3";
    .port_info 2 /INPUT 7 "funct7";
    .port_info 3 /OUTPUT 4 "aluctrl";
P_0x137e0ae40 .param/l "FUNCT3_ADD_SUB_MUL" 1 7 56, C4<000>;
P_0x137e0ae80 .param/l "FUNCT3_AND" 1 7 60, C4<111>;
P_0x137e0aec0 .param/l "FUNCT3_SLL" 1 7 57, C4<001>;
P_0x137e0af00 .param/l "FUNCT3_SRA" 1 7 58, C4<101>;
P_0x137e0af40 .param/l "FUNCT3_XOR" 1 7 59, C4<100>;
v0x600001632d00_0 .var "aluctrl", 3 0;
v0x600001632d90_0 .net "aluop", 1 0, v0x600001633b10_0;  1 drivers
v0x600001632e20_0 .net "funct3", 2 0, L_0x600001535ea0;  alias, 1 drivers
v0x600001632eb0_0 .net "funct7", 6 0, L_0x600001535f40;  alias, 1 drivers
E_0x600002a1c180 .event edge, v0x600001632d90_0, v0x600001632e20_0, v0x600001632eb0_0;
S_0x137e0af80 .scope module, "Control_Hazard_Detection" "Control_Hazard_Detection" 4 225, 8 19 0, S_0x137e20ba0;
 .timescale 0 0;
    .port_info 0 /INPUT 1 "branch_instr_exe";
    .port_info 1 /INPUT 1 "is_zero";
    .port_info 2 /INPUT 1 "branch_pred_exe";
    .port_info 3 /INPUT 32 "pc_exe";
    .port_info 4 /INPUT 32 "imm_exe";
    .port_info 5 /OUTPUT 1 "is_mispredict";
    .port_info 6 /OUTPUT 32 "pc_rollback";
L_0x600000f32b50 .functor XOR 1, v0x60000163f450_0, L_0x600001536a80, C4<0>, C4<0>;
L_0x600000f32bc0 .functor AND 1, v0x60000163f330_0, L_0x600000f32b50, C4<1>, C4<1>;
L_0x600000f32c30 .functor AND 1, v0x60000163f330_0, L_0x600001536a80, C4<1>, C4<1>;
v0x60000163c480_0 .net *"_ivl_0", 0 0, L_0x600000f32b50;  1 drivers
L_0x1280887a8 .functor BUFT 1, C4<0>, C4<0>, C4<0>, C4<0>;
v0x60000163c510_0 .net *"_ivl_10", 0 0, L_0x1280887a8;  1 drivers
v0x60000163c5a0_0 .net *"_ivl_12", 31 0, L_0x600001536d00;  1 drivers
L_0x1280887f0 .functor BUFT 1, C4<00000000000000000000000000000100>, C4<0>, C4<0>, C4<0>;
v0x60000163c630_0 .net/2u *"_ivl_14", 31 0, L_0x1280887f0;  1 drivers
v0x60000163c6c0_0 .net *"_ivl_16", 31 0, L_0x600001536da0;  1 drivers
v0x60000163c750_0 .net *"_ivl_4", 0 0, L_0x600000f32c30;  1 drivers
v0x60000163c7e0_0 .net *"_ivl_6", 31 0, L_0x600001536c60;  1 drivers
v0x60000163c870_0 .net *"_ivl_8", 30 0, L_0x600001536bc0;  1 drivers
v0x60000163c900_0 .net "branch_instr_exe", 0 0, v0x60000163f330_0;  alias, 1 drivers
v0x60000163c990_0 .net "branch_pred_exe", 0 0, v0x60000163f450_0;  alias, 1 drivers
v0x60000163ca20_0 .net "imm_exe", 31 0, v0x60000163f690_0;  alias, 1 drivers
v0x60000163cab0_0 .net "is_mispredict", 0 0, L_0x600000f32bc0;  alias, 1 drivers
v0x60000163cb40_0 .net "is_zero", 0 0, L_0x600001536a80;  alias, 1 drivers
v0x60000163cbd0_0 .net "pc_exe", 31 0, v0x60000163fb10_0;  alias, 1 drivers
v0x60000163cc60_0 .net "pc_rollback", 31 0, L_0x600001536e40;  alias, 1 drivers
L_0x600001536bc0 .part v0x60000163f690_0, 0, 31;
L_0x600001536c60 .concat [ 1 31 0 0], L_0x1280887a8, L_0x600001536bc0;
L_0x600001536d00 .arith/sum 32, v0x60000163fb10_0, L_0x600001536c60;
L_0x600001536da0 .arith/sum 32, v0x60000163fb10_0, L_0x1280887f0;
L_0x600001536e40 .functor MUXZ 32, L_0x600001536da0, L_0x600001536d00, L_0x600000f32c30, C4<>;
S_0x137e08620 .scope module, "Data_Memory" "Data_Memory" 4 247, 9 1 0, S_0x137e20ba0;
 .timescale 0 0;
    .port_info 0 /INPUT 1 "clk_i";
    .port_info 1 /INPUT 32 "addr_i";
    .port_info 2 /INPUT 1 "MemRead_i";
    .port_info 3 /INPUT 1 "MemWrite_i";
    .port_info 4 /INPUT 32 "data_i";
    .port_info 5 /OUTPUT 32 "data_o";
v0x60000163cd80_0 .net "MemRead_i", 0 0, v0x60000163d7a0_0;  alias, 1 drivers
v0x60000163ce10_0 .net "MemWrite_i", 0 0, v0x60000163d9e0_0;  alias, 1 drivers
v0x60000163cea0_0 .net *"_ivl_0", 31 0, L_0x600001536ee0;  1 drivers
v0x60000163cf30_0 .net *"_ivl_2", 31 0, L_0x600001537020;  1 drivers
v0x60000163cfc0_0 .net *"_ivl_4", 29 0, L_0x600001536f80;  1 drivers
L_0x128088838 .functor BUFT 1, C4<00>, C4<0>, C4<0>, C4<0>;
v0x60000163d050_0 .net *"_ivl_6", 1 0, L_0x128088838;  1 drivers
L_0x128088880 .functor BUFT 1, C4<00000000000000000000000000000000>, C4<0>, C4<0>, C4<0>;
v0x60000163d0e0_0 .net/2s *"_ivl_8", 31 0, L_0x128088880;  1 drivers
v0x60000163d170_0 .net "addr_i", 31 0, v0x60000163d4d0_0;  alias, 1 drivers
v0x60000163d200_0 .net "clk_i", 0 0, v0x600001626130_0;  alias, 1 drivers
v0x60000163d290_0 .net "data_i", 31 0, v0x60000163d8c0_0;  alias, 1 drivers
v0x60000163d320_0 .net "data_o", 31 0, L_0x6000015370c0;  alias, 1 drivers
v0x60000163d3b0 .array/s "memory", 1023 0, 31 0;
E_0x600002a1c2d0 .event posedge, v0x6000016329a0_0;
L_0x600001536ee0 .array/port v0x60000163d3b0, L_0x600001537020;
L_0x600001536f80 .part v0x60000163d4d0_0, 2, 30;
L_0x600001537020 .concat [ 30 2 0 0], L_0x600001536f80, L_0x128088838;
L_0x6000015370c0 .functor MUXZ 32, L_0x128088880, L_0x600001536ee0, v0x60000163d7a0_0, C4<>;
S_0x137e08790 .scope module, "EXE_MEM" "EXE_MEM" 4 237, 10 113 0, S_0x137e20ba0;
 .timescale 0 0;
    .port_info 0 /INPUT 1 "clk";
    .port_info 1 /INPUT 32 "alu_result_in";
    .port_info 2 /INPUT 32 "memwrite_addr_in";
    .port_info 3 /INPUT 5 "rd_addr_in";
    .port_info 4 /INPUT 1 "memread_in";
    .port_info 5 /INPUT 1 "memwrite_in";
    .port_info 6 /INPUT 1 "mem2reg_in";
    .port_info 7 /INPUT 1 "regwrite_in";
    .port_info 8 /OUTPUT 32 "alu_result_out";
    .port_info 9 /OUTPUT 32 "memwrite_addr_out";
    .port_info 10 /OUTPUT 5 "rd_addr_out";
    .port_info 11 /OUTPUT 1 "memread_out";
    .port_info 12 /OUTPUT 1 "memwrite_out";
    .port_info 13 /OUTPUT 1 "mem2reg_out";
    .port_info 14 /OUTPUT 1 "regwrite_out";
v0x60000163d440_0 .net "alu_result_in", 31 0, v0x600001632490_0;  alias, 1 drivers
v0x60000163d4d0_0 .var "alu_result_out", 31 0;
v0x60000163d560_0 .net "clk", 0 0, v0x600001626130_0;  alias, 1 drivers
v0x60000163d5f0_0 .net "mem2reg_in", 0 0, v0x60000163f7b0_0;  alias, 1 drivers
v0x60000163d680_0 .var "mem2reg_out", 0 0;
v0x60000163d710_0 .net "memread_in", 0 0, v0x60000163f8d0_0;  alias, 1 drivers
v0x60000163d7a0_0 .var "memread_out", 0 0;
v0x60000163d830_0 .net "memwrite_addr_in", 31 0, v0x60000163a520_0;  alias, 1 drivers
v0x60000163d8c0_0 .var "memwrite_addr_out", 31 0;
v0x60000163d950_0 .net "memwrite_in", 0 0, v0x60000163f9f0_0;  alias, 1 drivers
v0x60000163d9e0_0 .var "memwrite_out", 0 0;
v0x60000163da70_0 .net "rd_addr_in", 4 0, v0x60000163fc30_0;  alias, 1 drivers
v0x60000163db00_0 .var "rd_addr_out", 4 0;
v0x60000163db90_0 .net "regwrite_in", 0 0, v0x60000163fd50_0;  alias, 1 drivers
v0x60000163dc20_0 .var "regwrite_out", 0 0;
S_0x137e06f90 .scope module, "Forwarding" "Forwarding" 4 184, 11 10 0, S_0x137e20ba0;
 .timescale 0 0;
    .port_info 0 /INPUT 5 "rs1_addr_exe";
    .port_info 1 /INPUT 5 "rs2_addr_exe";
    .port_info 2 /INPUT 1 "regwrite_mem";
    .port_info 3 /INPUT 1 "regwrite_wb";
    .port_info 4 /INPUT 5 "rd_addr_mem";
    .port_info 5 /INPUT 5 "rd_addr_wb";
    .port_info 6 /OUTPUT 2 "forwardA";
    .port_info 7 /OUTPUT 2 "forwardB";
L_0x600000f32990 .functor AND 1, L_0x6000015363a0, v0x60000163dc20_0, C4<1>, C4<1>;
L_0x600000f32a00 .functor AND 1, L_0x600001536440, v0x60000163abe0_0, C4<1>, C4<1>;
L_0x600000f32a70 .functor AND 1, L_0x600001536620, v0x60000163dc20_0, C4<1>, C4<1>;
L_0x600000f32ae0 .functor AND 1, L_0x6000015366c0, v0x60000163abe0_0, C4<1>, C4<1>;
v0x60000163dcb0_0 .net *"_ivl_0", 0 0, L_0x6000015363a0;  1 drivers
L_0x128088520 .functor BUFT 1, C4<01>, C4<0>, C4<0>, C4<0>;
v0x60000163dd40_0 .net/2u *"_ivl_10", 1 0, L_0x128088520;  1 drivers
L_0x128088568 .functor BUFT 1, C4<00>, C4<0>, C4<0>, C4<0>;
v0x60000163ddd0_0 .net/2u *"_ivl_12", 1 0, L_0x128088568;  1 drivers
v0x60000163de60_0 .net *"_ivl_14", 1 0, L_0x6000015364e0;  1 drivers
v0x60000163def0_0 .net *"_ivl_18", 0 0, L_0x600001536620;  1 drivers
v0x60000163df80_0 .net *"_ivl_21", 0 0, L_0x600000f32a70;  1 drivers
L_0x1280885b0 .functor BUFT 1, C4<10>, C4<0>, C4<0>, C4<0>;
v0x60000163e010_0 .net/2u *"_ivl_22", 1 0, L_0x1280885b0;  1 drivers
v0x60000163e0a0_0 .net *"_ivl_24", 0 0, L_0x6000015366c0;  1 drivers
v0x60000163e130_0 .net *"_ivl_27", 0 0, L_0x600000f32ae0;  1 drivers
L_0x1280885f8 .functor BUFT 1, C4<01>, C4<0>, C4<0>, C4<0>;
v0x60000163e1c0_0 .net/2u *"_ivl_28", 1 0, L_0x1280885f8;  1 drivers
v0x60000163e250_0 .net *"_ivl_3", 0 0, L_0x600000f32990;  1 drivers
L_0x128088640 .functor BUFT 1, C4<00>, C4<0>, C4<0>, C4<0>;
v0x60000163e2e0_0 .net/2u *"_ivl_30", 1 0, L_0x128088640;  1 drivers
v0x60000163e370_0 .net *"_ivl_32", 1 0, L_0x600001536760;  1 drivers
L_0x1280884d8 .functor BUFT 1, C4<10>, C4<0>, C4<0>, C4<0>;
v0x60000163e400_0 .net/2u *"_ivl_4", 1 0, L_0x1280884d8;  1 drivers
v0x60000163e490_0 .net *"_ivl_6", 0 0, L_0x600001536440;  1 drivers
v0x60000163e520_0 .net *"_ivl_9", 0 0, L_0x600000f32a00;  1 drivers
v0x60000163e5b0_0 .net "forwardA", 1 0, L_0x600001536580;  alias, 1 drivers
v0x60000163e640_0 .net "forwardB", 1 0, L_0x600001536800;  alias, 1 drivers
v0x60000163e6d0_0 .net "rd_addr_mem", 4 0, v0x60000163db00_0;  alias, 1 drivers
v0x60000163e760_0 .net "rd_addr_wb", 4 0, v0x60000163aac0_0;  alias, 1 drivers
v0x60000163e7f0_0 .net "regwrite_mem", 0 0, v0x60000163dc20_0;  alias, 1 drivers
v0x60000163e880_0 .net "regwrite_wb", 0 0, v0x60000163abe0_0;  alias, 1 drivers
v0x60000163e910_0 .net "rs1_addr_exe", 4 0, v0x60000163fe70_0;  alias, 1 drivers
v0x60000163e9a0_0 .net "rs2_addr_exe", 4 0, v0x600001638120_0;  alias, 1 drivers
L_0x6000015363a0 .cmp/eq 5, v0x60000163fe70_0, v0x60000163db00_0;
L_0x600001536440 .cmp/eq 5, v0x60000163fe70_0, v0x60000163aac0_0;
L_0x6000015364e0 .functor MUXZ 2, L_0x128088568, L_0x128088520, L_0x600000f32a00, C4<>;
L_0x600001536580 .functor MUXZ 2, L_0x6000015364e0, L_0x1280884d8, L_0x600000f32990, C4<>;
L_0x600001536620 .cmp/eq 5, v0x600001638120_0, v0x60000163db00_0;
L_0x6000015366c0 .cmp/eq 5, v0x600001638120_0, v0x60000163aac0_0;
L_0x600001536760 .functor MUXZ 2, L_0x128088640, L_0x1280885f8, L_0x600000f32ae0, C4<>;
L_0x600001536800 .functor MUXZ 2, L_0x600001536760, L_0x1280885b0, L_0x600000f32a70, C4<>;
S_0x137e078a0 .scope module, "Hazard_Detection" "Hazard_Detection" 4 150, 8 1 0, S_0x137e20ba0;
 .timescale 0 0;
    .port_info 0 /INPUT 1 "memread_exe";
    .port_info 1 /INPUT 5 "rd_addr_exe";
    .port_info 2 /INPUT 5 "rs1_addr";
    .port_info 3 /INPUT 5 "rs2_addr";
    .port_info 4 /OUTPUT 1 "pcwrite";
    .port_info 5 /OUTPUT 1 "stall";
    .port_info 6 /OUTPUT 1 "noop";
L_0x600000f327d0 .functor OR 1, L_0x600001535fe0, L_0x600001536080, C4<0>, C4<0>;
L_0x600000f32840 .functor AND 1, v0x60000163f8d0_0, L_0x600000f327d0, C4<1>, C4<1>;
L_0x600000f328b0 .functor BUFZ 1, L_0x600000f32840, C4<0>, C4<0>, C4<0>;
L_0x600000f32920 .functor BUFZ 1, L_0x600000f32840, C4<0>, C4<0>, C4<0>;
v0x60000163ea30_0 .net *"_ivl_0", 0 0, L_0x600001535fe0;  1 drivers
v0x60000163eac0_0 .net *"_ivl_2", 0 0, L_0x600001536080;  1 drivers
v0x60000163eb50_0 .net *"_ivl_4", 0 0, L_0x600000f327d0;  1 drivers
v0x60000163ebe0_0 .net "is_load_use", 0 0, L_0x600000f32840;  1 drivers
v0x60000163ec70_0 .net "memread_exe", 0 0, v0x60000163f8d0_0;  alias, 1 drivers
v0x60000163ed00_0 .net "noop", 0 0, L_0x600000f32920;  alias, 1 drivers
v0x60000163ed90_0 .net "pcwrite", 0 0, L_0x600001536120;  alias, 1 drivers
v0x60000163ee20_0 .net "rd_addr_exe", 4 0, v0x60000163fc30_0;  alias, 1 drivers
v0x60000163eeb0_0 .net "rs1_addr", 4 0, L_0x600001534d20;  alias, 1 drivers
v0x60000163ef40_0 .net "rs2_addr", 4 0, L_0x600001534dc0;  alias, 1 drivers
v0x60000163efd0_0 .net "stall", 0 0, L_0x600000f328b0;  alias, 1 drivers
L_0x600001535fe0 .cmp/eq 5, L_0x600001534d20, v0x60000163fc30_0;
L_0x600001536080 .cmp/eq 5, L_0x600001534dc0, v0x60000163fc30_0;
L_0x600001536120 .reduce/nor L_0x600000f32840;
S_0x137e07a10 .scope module, "ID_EXE" "ID_EXE" 4 168, 10 50 0, S_0x137e20ba0;
 .timescale 0 0;
    .port_info 0 /INPUT 1 "clk";
    .port_info 1 /INPUT 1 "flush";
    .port_info 2 /INPUT 32 "rs1_in";
    .port_info 3 /INPUT 32 "rs2_in";
    .port_info 4 /INPUT 5 "rs1_addr_in";
    .port_info 5 /INPUT 5 "rs2_addr_in";
    .port_info 6 /INPUT 5 "rd_addr_in";
    .port_info 7 /INPUT 32 "imm_in";
    .port_info 8 /INPUT 4 "aluctrl_in";
    .port_info 9 /INPUT 1 "alusrc_in";
    .port_info 10 /INPUT 1 "memwrite_in";
    .port_info 11 /INPUT 1 "memread_in";
    .port_info 12 /INPUT 1 "mem2reg_in";
    .port_info 13 /INPUT 1 "regwrite_in";
    .port_info 14 /OUTPUT 32 "rs1_out";
    .port_info 15 /OUTPUT 32 "rs2_out";
    .port_info 16 /OUTPUT 5 "rs1_addr_out";
    .port_info 17 /OUTPUT 5 "rs2_addr_out";
    .port_info 18 /OUTPUT 5 "rd_addr_out";
    .port_info 19 /OUTPUT 32 "imm_out";
    .port_info 20 /OUTPUT 4 "aluctrl_out";
    .port_info 21 /OUTPUT 1 "alusrc_out";
    .port_info 22 /OUTPUT 1 "memwrite_out";
    .port_info 23 /OUTPUT 1 "memread_out";
    .port_info 24 /OUTPUT 1 "mem2reg_out";
    .port_info 25 /OUTPUT 1 "regwrite_out";
    .port_info 26 /INPUT 1 "branch_instr_in";
    .port_info 27 /OUTPUT 1 "branch_instr_out";
    .port_info 28 /INPUT 32 "pc_in";
    .port_info 29 /OUTPUT 32 "pc_out";
    .port_info 30 /INPUT 1 "branch_pred_in";
    .port_info 31 /OUTPUT 1 "branch_pred_out";
v0x60000163f060_0 .net "aluctrl_in", 3 0, v0x600001632d00_0;  alias, 1 drivers
v0x60000163f0f0_0 .var "aluctrl_out", 3 0;
v0x60000163f180_0 .net "alusrc_in", 0 0, L_0x600001535d60;  alias, 1 drivers
v0x60000163f210_0 .var "alusrc_out", 0 0;
v0x60000163f2a0_0 .net "branch_instr_in", 0 0, L_0x600000f32760;  alias, 1 drivers
v0x60000163f330_0 .var "branch_instr_out", 0 0;
v0x60000163f3c0_0 .net "branch_pred_in", 0 0, L_0x600001536300;  alias, 1 drivers
v0x60000163f450_0 .var "branch_pred_out", 0 0;
v0x60000163f4e0_0 .net "clk", 0 0, v0x600001626130_0;  alias, 1 drivers
v0x60000163f570_0 .net "flush", 0 0, L_0x600000f32bc0;  alias, 1 drivers
v0x60000163f600_0 .net "imm_in", 31 0, v0x6000016386c0_0;  alias, 1 drivers
v0x60000163f690_0 .var "imm_out", 31 0;
v0x60000163f720_0 .net "mem2reg_in", 0 0, L_0x600000f326f0;  alias, 1 drivers
v0x60000163f7b0_0 .var "mem2reg_out", 0 0;
v0x60000163f840_0 .net "memread_in", 0 0, L_0x600000f32610;  alias, 1 drivers
v0x60000163f8d0_0 .var "memread_out", 0 0;
v0x60000163f960_0 .net "memwrite_in", 0 0, L_0x600000f32680;  alias, 1 drivers
v0x60000163f9f0_0 .var "memwrite_out", 0 0;
v0x60000163fa80_0 .net "pc_in", 31 0, v0x6000016385a0_0;  alias, 1 drivers
v0x60000163fb10_0 .var "pc_out", 31 0;
v0x60000163fba0_0 .net "rd_addr_in", 4 0, L_0x600001534e60;  alias, 1 drivers
v0x60000163fc30_0 .var "rd_addr_out", 4 0;
v0x60000163fcc0_0 .net "regwrite_in", 0 0, L_0x600000f32530;  alias, 1 drivers
v0x60000163fd50_0 .var "regwrite_out", 0 0;
v0x60000163fde0_0 .net "rs1_addr_in", 4 0, L_0x600001534d20;  alias, 1 drivers
v0x60000163fe70_0 .var "rs1_addr_out", 4 0;
v0x60000163ff00_0 .net "rs1_in", 31 0, L_0x6000015352c0;  alias, 1 drivers
v0x600001638000_0 .var "rs1_out", 31 0;
v0x600001638090_0 .net "rs2_addr_in", 4 0, L_0x600001534dc0;  alias, 1 drivers
v0x600001638120_0 .var "rs2_addr_out", 4 0;
v0x6000016381b0_0 .net "rs2_in", 31 0, L_0x600001535540;  alias, 1 drivers
v0x600001638240_0 .var "rs2_out", 31 0;
S_0x137e06760 .scope module, "IF_ID" "IF_ID" 4 99, 10 17 0, S_0x137e20ba0;
 .timescale 0 0;
    .port_info 0 /INPUT 1 "clk";
    .port_info 1 /INPUT 32 "instruction_in";
    .port_info 2 /OUTPUT 32 "instruction_out";
    .port_info 3 /INPUT 32 "pc_in";
    .port_info 4 /OUTPUT 32 "pc_out";
    .port_info 5 /INPUT 1 "stall";
    .port_info 6 /INPUT 1 "flush";
v0x6000016382d0_0 .net "clk", 0 0, v0x600001626130_0;  alias, 1 drivers
v0x600001638360_0 .net "flush", 0 0, L_0x600000f32140;  1 drivers
v0x6000016383f0_0 .net "instruction_in", 31 0, L_0x600000f32060;  alias, 1 drivers
v0x600001638480_0 .var "instruction_out", 31 0;
v0x600001638510_0 .net "pc_in", 31 0, v0x60000163ae20_0;  alias, 1 drivers
v0x6000016385a0_0 .var "pc_out", 31 0;
v0x600001638630_0 .net "stall", 0 0, L_0x600000f328b0;  alias, 1 drivers
S_0x137e068d0 .scope module, "Imm_Gen" "Imm_Gen" 4 131, 12 3 0, S_0x137e20ba0;
 .timescale 0 0;
    .port_info 0 /INPUT 32 "instruction";
    .port_info 1 /OUTPUT 32 "imm";
v0x6000016386c0_0 .var "imm", 31 0;
v0x600001638750_0 .net "instruction", 31 0, v0x600001638480_0;  alias, 1 drivers
v0x6000016387e0_0 .net "opcode", 6 0, L_0x6000015355e0;  1 drivers
E_0x600002a1c270 .event edge, v0x6000016387e0_0, v0x600001638480_0;
L_0x6000015355e0 .part v0x600001638480_0, 0, 7;
S_0x137e05da0 .scope module, "Instruction_Memory" "Instruction_Memory" 4 94, 13 1 0, S_0x137e20ba0;
 .timescale 0 0;
    .port_info 0 /INPUT 32 "addr_i";
    .port_info 1 /OUTPUT 32 "instr_o";
L_0x600000f32060 .functor BUFZ 32, L_0x600001534b40, C4<00000000000000000000000000000000>, C4<00000000000000000000000000000000>, C4<00000000000000000000000000000000>;
v0x600001638870_0 .net *"_ivl_0", 31 0, L_0x600001534b40;  1 drivers
v0x600001638900_0 .net *"_ivl_2", 31 0, L_0x600001534c80;  1 drivers
v0x600001638990_0 .net *"_ivl_4", 29 0, L_0x600001534be0;  1 drivers
L_0x128088178 .functor BUFT 1, C4<00>, C4<0>, C4<0>, C4<0>;
v0x600001638a20_0 .net *"_ivl_6", 1 0, L_0x128088178;  1 drivers
v0x600001638ab0_0 .net "addr_i", 31 0, v0x60000163ae20_0;  alias, 1 drivers
v0x600001638b40_0 .net "instr_o", 31 0, L_0x600000f32060;  alias, 1 drivers
v0x600001638bd0 .array "memory", 255 0, 31 0;
L_0x600001534b40 .array/port v0x600001638bd0, L_0x600001534c80;
L_0x600001534be0 .part v0x60000163ae20_0, 2, 30;
L_0x600001534c80 .concat [ 30 2 0 0], L_0x600001534be0, L_0x128088178;
S_0x137e05f10 .scope module, "M2_ALU" "Mux_2_way" 4 209, 14 2 0, S_0x137e20ba0;
 .timescale 0 0;
    .port_info 0 /INPUT 32 "data1_i";
    .port_info 1 /INPUT 32 "data2_i";
    .port_info 2 /INPUT 1 "select_i";
    .port_info 3 /OUTPUT 32 "data_o";
v0x600001638c60_0 .net *"_ivl_0", 31 0, L_0x6000015368a0;  1 drivers
L_0x128088718 .functor BUFT 1, C4<0000000000000000000000000000000>, C4<0>, C4<0>, C4<0>;
v0x600001638cf0_0 .net *"_ivl_3", 30 0, L_0x128088718;  1 drivers
L_0x128088760 .functor BUFT 1, C4<00000000000000000000000000000001>, C4<0>, C4<0>, C4<0>;
v0x600001638d80_0 .net/2u *"_ivl_4", 31 0, L_0x128088760;  1 drivers
v0x600001638e10_0 .net *"_ivl_6", 0 0, L_0x600001536940;  1 drivers
v0x600001638ea0_0 .net "data1_i", 31 0, v0x60000163a520_0;  alias, 1 drivers
v0x600001638f30_0 .net "data2_i", 31 0, v0x60000163f690_0;  alias, 1 drivers
v0x600001638fc0_0 .net "data_o", 31 0, L_0x6000015369e0;  alias, 1 drivers
v0x600001639050_0 .net "select_i", 0 0, v0x60000163f210_0;  alias, 1 drivers
L_0x6000015368a0 .concat [ 1 31 0 0], v0x60000163f210_0, L_0x128088718;
L_0x600001536940 .cmp/eq 32, L_0x6000015368a0, L_0x128088760;
L_0x6000015369e0 .functor MUXZ 32, v0x60000163a520_0, v0x60000163f690_0, L_0x600001536940, C4<>;
S_0x137e05890 .scope module, "M2_Predict_Branch" "Mux_2_way" 4 72, 14 2 0, S_0x137e20ba0;
 .timescale 0 0;
    .port_info 0 /INPUT 32 "data1_i";
    .port_info 1 /INPUT 32 "data2_i";
    .port_info 2 /INPUT 1 "select_i";
    .port_info 3 /OUTPUT 32 "data_o";
v0x6000016390e0_0 .net *"_ivl_0", 31 0, L_0x6000015340a0;  1 drivers
L_0x128088058 .functor BUFT 1, C4<0000000000000000000000000000000>, C4<0>, C4<0>, C4<0>;
v0x600001639170_0 .net *"_ivl_3", 30 0, L_0x128088058;  1 drivers
L_0x1280880a0 .functor BUFT 1, C4<00000000000000000000000000000001>, C4<0>, C4<0>, C4<0>;
v0x600001639200_0 .net/2u *"_ivl_4", 31 0, L_0x1280880a0;  1 drivers
v0x600001639290_0 .net *"_ivl_6", 0 0, L_0x600001534960;  1 drivers
v0x600001639320_0 .net "data1_i", 31 0, L_0x600001534000;  alias, 1 drivers
v0x6000016393b0_0 .net "data2_i", 31 0, L_0x600001535040;  alias, 1 drivers
v0x600001639440_0 .net "data_o", 31 0, L_0x600001534140;  alias, 1 drivers
v0x6000016394d0_0 .net "select_i", 0 0, L_0x600000f31ff0;  1 drivers
L_0x6000015340a0 .concat [ 1 31 0 0], L_0x600000f31ff0, L_0x128088058;
L_0x600001534960 .cmp/eq 32, L_0x6000015340a0, L_0x1280880a0;
L_0x600001534140 .functor MUXZ 32, L_0x600001534000, L_0x600001535040, L_0x600001534960, C4<>;
S_0x137e05a00 .scope module, "M2_Recover_From_MisPrediction" "Mux_2_way" 4 79, 14 2 0, S_0x137e20ba0;
 .timescale 0 0;
    .port_info 0 /INPUT 32 "data1_i";
    .port_info 1 /INPUT 32 "data2_i";
    .port_info 2 /INPUT 1 "select_i";
    .port_info 3 /OUTPUT 32 "data_o";
v0x600001639560_0 .net *"_ivl_0", 31 0, L_0x6000015345a0;  1 drivers
L_0x1280880e8 .functor BUFT 1, C4<0000000000000000000000000000000>, C4<0>, C4<0>, C4<0>;
v0x6000016395f0_0 .net *"_ivl_3", 30 0, L_0x1280880e8;  1 drivers
L_0x128088130 .functor BUFT 1, C4<00000000000000000000000000000001>, C4<0>, C4<0>, C4<0>;
v0x600001639680_0 .net/2u *"_ivl_4", 31 0, L_0x128088130;  1 drivers
v0x600001639710_0 .net *"_ivl_6", 0 0, L_0x600001534820;  1 drivers
v0x6000016397a0_0 .net "data1_i", 31 0, L_0x600001534140;  alias, 1 drivers
v0x600001639830_0 .net "data2_i", 31 0, L_0x600001536e40;  alias, 1 drivers
v0x6000016398c0_0 .net "data_o", 31 0, L_0x600001534aa0;  alias, 1 drivers
v0x600001639950_0 .net "select_i", 0 0, L_0x600000f32bc0;  alias, 1 drivers
L_0x6000015345a0 .concat [ 1 31 0 0], L_0x600000f32bc0, L_0x1280880e8;
L_0x600001534820 .cmp/eq 32, L_0x6000015345a0, L_0x128088130;
L_0x600001534aa0 .functor MUXZ 32, L_0x600001534140, L_0x600001536e40, L_0x600001534820, C4<>;
S_0x137e06280 .scope module, "M2_WB" "Mux_2_way" 4 265, 14 2 0, S_0x137e20ba0;
 .timescale 0 0;
    .port_info 0 /INPUT 32 "data1_i";
    .port_info 1 /INPUT 32 "data2_i";
    .port_info 2 /INPUT 1 "select_i";
    .port_info 3 /OUTPUT 32 "data_o";
v0x6000016399e0_0 .net *"_ivl_0", 31 0, L_0x600001537160;  1 drivers
L_0x1280888c8 .functor BUFT 1, C4<0000000000000000000000000000000>, C4<0>, C4<0>, C4<0>;
v0x600001639a70_0 .net *"_ivl_3", 30 0, L_0x1280888c8;  1 drivers
L_0x128088910 .functor BUFT 1, C4<00000000000000000000000000000001>, C4<0>, C4<0>, C4<0>;
v0x600001639b00_0 .net/2u *"_ivl_4", 31 0, L_0x128088910;  1 drivers
v0x600001639b90_0 .net *"_ivl_6", 0 0, L_0x600001537200;  1 drivers
v0x600001639c20_0 .net "data1_i", 31 0, v0x60000163a6d0_0;  alias, 1 drivers
v0x600001639cb0_0 .net "data2_i", 31 0, v0x60000163a9a0_0;  alias, 1 drivers
v0x600001639d40_0 .net "data_o", 31 0, L_0x6000015372a0;  alias, 1 drivers
v0x600001639dd0_0 .net "select_i", 0 0, v0x60000163a880_0;  alias, 1 drivers
L_0x600001537160 .concat [ 1 31 0 0], v0x60000163a880_0, L_0x1280888c8;
L_0x600001537200 .cmp/eq 32, L_0x600001537160, L_0x128088910;
L_0x6000015372a0 .functor MUXZ 32, v0x60000163a6d0_0, v0x60000163a9a0_0, L_0x600001537200, C4<>;
S_0x137e063f0 .scope module, "M4_ForwardA" "Mux_4_way" 4 193, 14 20 0, S_0x137e20ba0;
 .timescale 0 0;
    .port_info 0 /INPUT 32 "data1_i";
    .port_info 1 /INPUT 32 "data2_i";
    .port_info 2 /INPUT 32 "data3_i";
    .port_info 3 /INPUT 32 "data4_i";
    .port_info 4 /INPUT 2 "select_i";
    .port_info 5 /OUTPUT 32 "data_o";
v0x600001639ef0_0 .net "data1_i", 31 0, v0x600001638000_0;  alias, 1 drivers
v0x600001639f80_0 .net "data2_i", 31 0, L_0x6000015372a0;  alias, 1 drivers
v0x60000163a010_0 .net "data3_i", 31 0, v0x60000163d4d0_0;  alias, 1 drivers
L_0x128088688 .functor BUFT 1, C4<00000000000000000000000000000000>, C4<0>, C4<0>, C4<0>;
v0x60000163a0a0_0 .net "data4_i", 31 0, L_0x128088688;  1 drivers
v0x60000163a130_0 .var "data_o", 31 0;
v0x60000163a1c0_0 .net "select_i", 1 0, L_0x600001536580;  alias, 1 drivers
E_0x600002a1c360/0 .event edge, v0x60000163e5b0_0, v0x600001638000_0, v0x600001639d40_0, v0x60000163d170_0;
E_0x600002a1c360/1 .event edge, v0x60000163a0a0_0;
E_0x600002a1c360 .event/or E_0x600002a1c360/0, E_0x600002a1c360/1;
S_0x137e045d0 .scope module, "M4_ForwardB" "Mux_4_way" 4 201, 14 20 0, S_0x137e20ba0;
 .timescale 0 0;
    .port_info 0 /INPUT 32 "data1_i";
    .port_info 1 /INPUT 32 "data2_i";
    .port_info 2 /INPUT 32 "data3_i";
    .port_info 3 /INPUT 32 "data4_i";
    .port_info 4 /INPUT 2 "select_i";
    .port_info 5 /OUTPUT 32 "data_o";
v0x60000163a2e0_0 .net "data1_i", 31 0, v0x600001638240_0;  alias, 1 drivers
v0x60000163a370_0 .net "data2_i", 31 0, L_0x6000015372a0;  alias, 1 drivers
v0x60000163a400_0 .net "data3_i", 31 0, v0x60000163d4d0_0;  alias, 1 drivers
L_0x1280886d0 .functor BUFT 1, C4<00000000000000000000000000000000>, C4<0>, C4<0>, C4<0>;
v0x60000163a490_0 .net "data4_i", 31 0, L_0x1280886d0;  1 drivers
v0x60000163a520_0 .var "data_o", 31 0;
v0x60000163a5b0_0 .net "select_i", 1 0, L_0x600001536800;  alias, 1 drivers
E_0x600002a1c3f0/0 .event edge, v0x60000163e640_0, v0x600001638240_0, v0x600001639d40_0, v0x60000163d170_0;
E_0x600002a1c3f0/1 .event edge, v0x60000163a490_0;
E_0x600002a1c3f0 .event/or E_0x600002a1c3f0/0, E_0x600002a1c3f0/1;
S_0x137e04740 .scope module, "MEM_WB" "MEM_WB" 4 256, 10 142 0, S_0x137e20ba0;
 .timescale 0 0;
    .port_info 0 /INPUT 1 "clk";
    .port_info 1 /INPUT 1 "mem2reg_in";
    .port_info 2 /INPUT 1 "regwrite_in";
    .port_info 3 /INPUT 5 "rd_addr_in";
    .port_info 4 /INPUT 32 "alu_result_in";
    .port_info 5 /INPUT 32 "mem_result_in";
    .port_info 6 /OUTPUT 1 "mem2reg_out";
    .port_info 7 /OUTPUT 1 "regwrite_out";
    .port_info 8 /OUTPUT 5 "rd_addr_out";
    .port_info 9 /OUTPUT 32 "alu_result_out";
    .port_info 10 /OUTPUT 32 "mem_result_out";
v0x60000163a640_0 .net "alu_result_in", 31 0, v0x60000163d4d0_0;  alias, 1 drivers
v0x60000163a6d0_0 .var "alu_result_out", 31 0;
v0x60000163a760_0 .net "clk", 0 0, v0x600001626130_0;  alias, 1 drivers
v0x60000163a7f0_0 .net "mem2reg_in", 0 0, v0x60000163d680_0;  alias, 1 drivers
v0x60000163a880_0 .var "mem2reg_out", 0 0;
v0x60000163a910_0 .net "mem_result_in", 31 0, L_0x6000015370c0;  alias, 1 drivers
v0x60000163a9a0_0 .var "mem_result_out", 31 0;
v0x60000163aa30_0 .net "rd_addr_in", 4 0, v0x60000163db00_0;  alias, 1 drivers
v0x60000163aac0_0 .var "rd_addr_out", 4 0;
v0x60000163ab50_0 .net "regwrite_in", 0 0, v0x60000163dc20_0;  alias, 1 drivers
v0x60000163abe0_0 .var "regwrite_out", 0 0;
S_0x137e28f30 .scope module, "PC" "PC" 4 86, 15 1 0, S_0x137e20ba0;
 .timescale 0 0;
    .port_info 0 /INPUT 1 "clk_i";
    .port_info 1 /INPUT 1 "rst_i";
    .port_info 2 /INPUT 1 "PCWrite_i";
    .port_info 3 /INPUT 32 "pc_i";
    .port_info 4 /OUTPUT 32 "pc_o";
v0x60000163ac70_0 .net "PCWrite_i", 0 0, L_0x600001536120;  alias, 1 drivers
v0x60000163ad00_0 .net "clk_i", 0 0, v0x600001626130_0;  alias, 1 drivers
v0x60000163ad90_0 .net "pc_i", 31 0, L_0x600001534aa0;  alias, 1 drivers
v0x60000163ae20_0 .var "pc_o", 31 0;
v0x60000163aeb0_0 .net "rst_i", 0 0, v0x6000016261c0_0;  alias, 1 drivers
S_0x137e290a0 .scope module, "Registers" "Registers" 4 120, 16 1 0, S_0x137e20ba0;
 .timescale 0 0;
    .port_info 0 /INPUT 1 "clk_i";
    .port_info 1 /INPUT 5 "RS1addr_i";
    .port_info 2 /INPUT 5 "RS2addr_i";
    .port_info 3 /INPUT 5 "RDaddr_i";
    .port_info 4 /INPUT 32 "RDdata_i";
    .port_info 5 /INPUT 1 "RegWrite_i";
    .port_info 6 /OUTPUT 32 "RS1data_o";
    .port_info 7 /OUTPUT 32 "RS2data_o";
L_0x600000f321b0 .functor AND 1, L_0x6000015350e0, v0x60000163abe0_0, C4<1>, C4<1>;
L_0x600000f32220 .functor AND 1, L_0x600001535360, v0x60000163abe0_0, C4<1>, C4<1>;
v0x60000163af40_0 .net "RDaddr_i", 4 0, v0x60000163aac0_0;  alias, 1 drivers
v0x60000163afd0_0 .net "RDdata_i", 31 0, L_0x6000015372a0;  alias, 1 drivers
v0x60000163b060_0 .net "RS1addr_i", 4 0, L_0x600001534d20;  alias, 1 drivers
v0x60000163b0f0_0 .net/s "RS1data_o", 31 0, L_0x6000015352c0;  alias, 1 drivers
v0x60000163b180_0 .net "RS2addr_i", 4 0, L_0x600001534dc0;  alias, 1 drivers
v0x60000163b210_0 .net/s "RS2data_o", 31 0, L_0x600001535540;  alias, 1 drivers
v0x60000163b2a0_0 .net "RegWrite_i", 0 0, v0x60000163abe0_0;  alias, 1 drivers
v0x60000163b330_0 .net *"_ivl_0", 0 0, L_0x6000015350e0;  1 drivers
v0x60000163b3c0_0 .net *"_ivl_12", 0 0, L_0x600001535360;  1 drivers
v0x60000163b450_0 .net *"_ivl_15", 0 0, L_0x600000f32220;  1 drivers
v0x60000163b4e0_0 .net *"_ivl_16", 31 0, L_0x600001535400;  1 drivers
v0x60000163b570_0 .net *"_ivl_18", 6 0, L_0x6000015354a0;  1 drivers
L_0x128088250 .functor BUFT 1, C4<00>, C4<0>, C4<0>, C4<0>;
v0x60000163b600_0 .net *"_ivl_21", 1 0, L_0x128088250;  1 drivers
v0x60000163b690_0 .net *"_ivl_3", 0 0, L_0x600000f321b0;  1 drivers
v0x60000163b720_0 .net *"_ivl_4", 31 0, L_0x600001535180;  1 drivers
v0x60000163b7b0_0 .net *"_ivl_6", 6 0, L_0x600001535220;  1 drivers
L_0x128088208 .functor BUFT 1, C4<00>, C4<0>, C4<0>, C4<0>;
v0x60000163b840_0 .net *"_ivl_9", 1 0, L_0x128088208;  1 drivers
v0x60000163b8d0_0 .net "clk_i", 0 0, v0x600001626130_0;  alias, 1 drivers
v0x60000163b960 .array/s "register", 31 0, 31 0;
L_0x6000015350e0 .cmp/eq 5, L_0x600001534d20, v0x60000163aac0_0;
L_0x600001535180 .array/port v0x60000163b960, L_0x600001535220;
L_0x600001535220 .concat [ 5 2 0 0], L_0x600001534d20, L_0x128088208;
L_0x6000015352c0 .functor MUXZ 32, L_0x600001535180, L_0x6000015372a0, L_0x600000f321b0, C4<>;
L_0x600001535360 .cmp/eq 5, L_0x600001534dc0, v0x60000163aac0_0;
L_0x600001535400 .array/port v0x60000163b960, L_0x6000015354a0;
L_0x6000015354a0 .concat [ 5 2 0 0], L_0x600001534dc0, L_0x128088250;
L_0x600001535540 .functor MUXZ 32, L_0x600001535400, L_0x6000015372a0, L_0x600000f32220, C4<>;
    .scope S_0x137e28f30;
T_0 ;
    %wait E_0x600002a1c2a0;
    %load/vec4 v0x60000163aeb0_0;
    %flag_set/vec4 8;
    %jmp/0xz  T_0.0, 8;
    %pushi/vec4 0, 0, 32;
    %assign/vec4 v0x60000163ae20_0, 0;
    %jmp T_0.1;
T_0.0 ;
    %load/vec4 v0x60000163ac70_0;
    %flag_set/vec4 8;
    %jmp/0xz  T_0.2, 8;
    %load/vec4 v0x60000163ad90_0;
    %assign/vec4 v0x60000163ae20_0, 0;
T_0.2 ;
T_0.1 ;
    %jmp T_0;
    .thread T_0;
    .scope S_0x137e06760;
T_1 ;
    %wait E_0x600002a1c2d0;
    %load/vec4 v0x600001638630_0;
    %flag_set/vec4 8;
    %jmp/0xz  T_1.0, 8;
    %load/vec4 v0x600001638480_0;
    %assign/vec4 v0x600001638480_0, 0;
    %load/vec4 v0x6000016385a0_0;
    %assign/vec4 v0x6000016385a0_0, 0;
    %jmp T_1.1;
T_1.0 ;
    %load/vec4 v0x600001638360_0;
    %flag_set/vec4 8;
    %jmp/0xz  T_1.2, 8;
    %pushi/vec4 0, 0, 32;
    %assign/vec4 v0x600001638480_0, 0;
    %pushi/vec4 0, 0, 32;
    %assign/vec4 v0x6000016385a0_0, 0;
    %jmp T_1.3;
T_1.2 ;
    %load/vec4 v0x6000016383f0_0;
    %assign/vec4 v0x600001638480_0, 0;
    %load/vec4 v0x600001638510_0;
    %assign/vec4 v0x6000016385a0_0, 0;
T_1.3 ;
T_1.1 ;
    %jmp T_1;
    .thread T_1;
    .scope S_0x137e290a0;
T_2 ;
    %wait E_0x600002a1c2d0;
    %load/vec4 v0x60000163b2a0_0;
    %load/vec4 v0x60000163af40_0;
    %pushi/vec4 0, 0, 5;
    %cmp/ne;
    %flag_get/vec4 4;
    %and;
    %flag_set/vec4 8;
    %jmp/0xz  T_2.0, 8;
    %load/vec4 v0x60000163afd0_0;
    %load/vec4 v0x60000163af40_0;
    %pad/u 7;
    %ix/vec4 3;
    %ix/load 4, 0, 0; Constant delay
    %assign/vec4/a/d v0x60000163b960, 0, 4;
T_2.0 ;
    %jmp T_2;
    .thread T_2;
    .scope S_0x137e068d0;
T_3 ;
    %wait E_0x600002a1c270;
    %load/vec4 v0x6000016387e0_0;
    %dup/vec4;
    %pushi/vec4 35, 0, 7;
    %cmp/u;
    %jmp/1 T_3.0, 6;
    %dup/vec4;
    %pushi/vec4 99, 0, 7;
    %cmp/u;
    %jmp/1 T_3.1, 6;
    %load/vec4 v0x600001638750_0;
    %parti/s 12, 20, 6;
    %pad/s 32;
    %store/vec4 v0x6000016386c0_0, 0, 32;
    %jmp T_3.3;
T_3.0 ;
    %load/vec4 v0x600001638750_0;
    %parti/s 7, 25, 6;
    %load/vec4 v0x600001638750_0;
    %parti/s 5, 7, 4;
    %concat/vec4; draw_concat_vec4
    %pad/s 32;
    %store/vec4 v0x6000016386c0_0, 0, 32;
    %jmp T_3.3;
T_3.1 ;
    %load/vec4 v0x600001638750_0;
    %parti/s 1, 31, 6;
    %load/vec4 v0x600001638750_0;
    %parti/s 1, 7, 4;
    %concat/vec4; draw_concat_vec4
    %load/vec4 v0x600001638750_0;
    %parti/s 6, 25, 6;
    %concat/vec4; draw_concat_vec4
    %load/vec4 v0x600001638750_0;
    %parti/s 4, 8, 5;
    %concat/vec4; draw_concat_vec4
    %pad/s 32;
    %store/vec4 v0x6000016386c0_0, 0, 32;
    %jmp T_3.3;
T_3.3 ;
    %pop/vec4 1;
    %jmp T_3;
    .thread T_3, $push;
    .scope S_0x137e0b490;
T_4 ;
    %wait E_0x600002a1c180;
    %load/vec4 v0x600001632d90_0;
    %dup/vec4;
    %pushi/vec4 0, 0, 2;
    %cmp/u;
    %jmp/1 T_4.0, 6;
    %dup/vec4;
    %pushi/vec4 3, 0, 2;
    %cmp/u;
    %jmp/1 T_4.1, 6;
    %dup/vec4;
    %pushi/vec4 1, 0, 2;
    %cmp/u;
    %jmp/1 T_4.2, 6;
    %pushi/vec4 15, 0, 4;
    %store/vec4 v0x600001632d00_0, 0, 4;
    %jmp T_4.4;
T_4.0 ;
    %load/vec4 v0x600001632e20_0;
    %dup/vec4;
    %pushi/vec4 5, 0, 3;
    %cmp/u;
    %jmp/1 T_4.5, 6;
    %pushi/vec4 3, 0, 4;
    %store/vec4 v0x600001632d00_0, 0, 4;
    %jmp T_4.7;
T_4.5 ;
    %pushi/vec4 6, 0, 4;
    %store/vec4 v0x600001632d00_0, 0, 4;
    %jmp T_4.7;
T_4.7 ;
    %pop/vec4 1;
    %jmp T_4.4;
T_4.1 ;
    %load/vec4 v0x600001632e20_0;
    %dup/vec4;
    %pushi/vec4 0, 0, 3;
    %cmp/u;
    %jmp/1 T_4.8, 6;
    %dup/vec4;
    %pushi/vec4 7, 0, 3;
    %cmp/u;
    %jmp/1 T_4.9, 6;
    %dup/vec4;
    %pushi/vec4 4, 0, 3;
    %cmp/u;
    %jmp/1 T_4.10, 6;
    %dup/vec4;
    %pushi/vec4 1, 0, 3;
    %cmp/u;
    %jmp/1 T_4.11, 6;
    %dup/vec4;
    %pushi/vec4 5, 0, 3;
    %cmp/u;
    %jmp/1 T_4.12, 6;
    %pushi/vec4 15, 0, 4;
    %store/vec4 v0x600001632d00_0, 0, 4;
    %jmp T_4.14;
T_4.8 ;
    %load/vec4 v0x600001632eb0_0;
    %cmpi/e 0, 0, 7;
    %jmp/0xz  T_4.15, 4;
    %pushi/vec4 3, 0, 4;
    %store/vec4 v0x600001632d00_0, 0, 4;
    %jmp T_4.16;
T_4.15 ;
    %load/vec4 v0x600001632eb0_0;
    %cmpi/e 32, 0, 7;
    %jmp/0xz  T_4.17, 4;
    %pushi/vec4 4, 0, 4;
    %store/vec4 v0x600001632d00_0, 0, 4;
    %jmp T_4.18;
T_4.17 ;
    %load/vec4 v0x600001632eb0_0;
    %cmpi/e 1, 0, 7;
    %jmp/0xz  T_4.19, 4;
    %pushi/vec4 5, 0, 4;
    %store/vec4 v0x600001632d00_0, 0, 4;
    %jmp T_4.20;
T_4.19 ;
    %pushi/vec4 15, 0, 4;
    %store/vec4 v0x600001632d00_0, 0, 4;
T_4.20 ;
T_4.18 ;
T_4.16 ;
    %jmp T_4.14;
T_4.9 ;
    %pushi/vec4 0, 0, 4;
    %store/vec4 v0x600001632d00_0, 0, 4;
    %jmp T_4.14;
T_4.10 ;
    %pushi/vec4 1, 0, 4;
    %store/vec4 v0x600001632d00_0, 0, 4;
    %jmp T_4.14;
T_4.11 ;
    %pushi/vec4 2, 0, 4;
    %store/vec4 v0x600001632d00_0, 0, 4;
    %jmp T_4.14;
T_4.12 ;
    %pushi/vec4 6, 0, 4;
    %store/vec4 v0x600001632d00_0, 0, 4;
    %jmp T_4.14;
T_4.14 ;
    %pop/vec4 1;
    %jmp T_4.4;
T_4.2 ;
    %pushi/vec4 4, 0, 4;
    %store/vec4 v0x600001632d00_0, 0, 4;
    %jmp T_4.4;
T_4.4 ;
    %pop/vec4 1;
    %jmp T_4;
    .thread T_4, $push;
    .scope S_0x137e0b320;
T_5 ;
    %wait E_0x600002a1c150;
    %load/vec4 v0x60000163c000_0;
    %flag_set/vec4 8;
    %jmp/0xz  T_5.0, 8;
    %pushi/vec4 3, 0, 2;
    %store/vec4 v0x600001633b10_0, 0, 2;
    %jmp T_5.1;
T_5.0 ;
    %load/vec4 v0x600001633e70_0;
    %flag_set/vec4 8;
    %load/vec4 v0x600001633f00_0;
    %flag_set/vec4 9;
    %flag_or 9, 8;
    %load/vec4 v0x60000163c090_0;
    %flag_set/vec4 8;
    %flag_or 8, 9;
    %jmp/0xz  T_5.2, 8;
    %pushi/vec4 0, 0, 2;
    %store/vec4 v0x600001633b10_0, 0, 2;
    %jmp T_5.3;
T_5.2 ;
    %load/vec4 v0x600001633de0_0;
    %flag_set/vec4 8;
    %jmp/0xz  T_5.4, 8;
    %pushi/vec4 1, 0, 2;
    %store/vec4 v0x600001633b10_0, 0, 2;
    %jmp T_5.5;
T_5.4 ;
    %pushi/vec4 3, 3, 2;
    %store/vec4 v0x600001633b10_0, 0, 2;
T_5.5 ;
T_5.3 ;
T_5.1 ;
    %jmp T_5;
    .thread T_5, $push;
    .scope S_0x137e2be80;
T_6 ;
    %wait E_0x600002a1c2a0;
    %load/vec4 v0x600001632b50_0;
    %flag_set/vec4 8;
    %jmp/0xz  T_6.0, 8;
    %pushi/vec4 3, 0, 2;
    %assign/vec4 v0x600001632be0_0, 0;
    %jmp T_6.1;
T_6.0 ;
    %load/vec4 v0x600001632c70_0;
    %load/vec4 v0x600001632ac0_0;
    %and;
    %load/vec4 v0x600001632be0_0;
    %pushi/vec4 3, 0, 2;
    %cmp/ne;
    %flag_get/vec4 4;
    %and;
    %flag_set/vec4 8;
    %jmp/0xz  T_6.2, 8;
    %load/vec4 v0x600001632be0_0;
    %addi 1, 0, 2;
    %assign/vec4 v0x600001632be0_0, 0;
    %jmp T_6.3;
T_6.2 ;
    %load/vec4 v0x600001632c70_0;
    %load/vec4 v0x600001632ac0_0;
    %nor/r;
    %and;
    %load/vec4 v0x600001632be0_0;
    %pushi/vec4 0, 0, 2;
    %cmp/ne;
    %flag_get/vec4 4;
    %and;
    %flag_set/vec4 8;
    %jmp/0xz  T_6.4, 8;
    %load/vec4 v0x600001632be0_0;
    %subi 1, 0, 2;
    %assign/vec4 v0x600001632be0_0, 0;
    %jmp T_6.5;
T_6.4 ;
    %load/vec4 v0x600001632be0_0;
    %assign/vec4 v0x600001632be0_0, 0;
T_6.5 ;
T_6.3 ;
T_6.1 ;
    %jmp T_6;
    .thread T_6;
    .scope S_0x137e07a10;
T_7 ;
    %wait E_0x600002a1c2d0;
    %load/vec4 v0x60000163f570_0;
    %flag_set/vec4 8;
    %jmp/0xz  T_7.0, 8;
    %pushi/vec4 0, 0, 32;
    %assign/vec4 v0x600001638000_0, 0;
    %pushi/vec4 0, 0, 32;
    %assign/vec4 v0x600001638240_0, 0;
    %pushi/vec4 0, 0, 5;
    %assign/vec4 v0x60000163fe70_0, 0;
    %pushi/vec4 0, 0, 5;
    %assign/vec4 v0x600001638120_0, 0;
    %pushi/vec4 0, 0, 5;
    %assign/vec4 v0x60000163fc30_0, 0;
    %pushi/vec4 0, 0, 32;
    %assign/vec4 v0x60000163f690_0, 0;
    %pushi/vec4 0, 0, 32;
    %assign/vec4 v0x60000163fb10_0, 0;
    %pushi/vec4 0, 0, 1;
    %assign/vec4 v0x60000163f210_0, 0;
    %pushi/vec4 0, 0, 4;
    %assign/vec4 v0x60000163f0f0_0, 0;
    %pushi/vec4 0, 0, 1;
    %assign/vec4 v0x60000163f9f0_0, 0;
    %pushi/vec4 0, 0, 1;
    %assign/vec4 v0x60000163f8d0_0, 0;
    %pushi/vec4 0, 0, 1;
    %assign/vec4 v0x60000163f7b0_0, 0;
    %pushi/vec4 0, 0, 1;
    %assign/vec4 v0x60000163fd50_0, 0;
    %pushi/vec4 0, 0, 1;
    %assign/vec4 v0x60000163f330_0, 0;
    %pushi/vec4 0, 0, 1;
    %assign/vec4 v0x60000163f450_0, 0;
    %jmp T_7.1;
T_7.0 ;
    %load/vec4 v0x60000163ff00_0;
    %assign/vec4 v0x600001638000_0, 0;
    %load/vec4 v0x6000016381b0_0;
    %assign/vec4 v0x600001638240_0, 0;
    %load/vec4 v0x60000163fde0_0;
    %assign/vec4 v0x60000163fe70_0, 0;
    %load/vec4 v0x600001638090_0;
    %assign/vec4 v0x600001638120_0, 0;
    %load/vec4 v0x60000163fba0_0;
    %assign/vec4 v0x60000163fc30_0, 0;
    %load/vec4 v0x60000163f600_0;
    %assign/vec4 v0x60000163f690_0, 0;
    %load/vec4 v0x60000163fa80_0;
    %assign/vec4 v0x60000163fb10_0, 0;
    %load/vec4 v0x60000163f180_0;
    %assign/vec4 v0x60000163f210_0, 0;
    %load/vec4 v0x60000163f060_0;
    %assign/vec4 v0x60000163f0f0_0, 0;
    %load/vec4 v0x60000163f960_0;
    %assign/vec4 v0x60000163f9f0_0, 0;
    %load/vec4 v0x60000163f840_0;
    %assign/vec4 v0x60000163f8d0_0, 0;
    %load/vec4 v0x60000163f720_0;
    %assign/vec4 v0x60000163f7b0_0, 0;
    %load/vec4 v0x60000163fcc0_0;
    %assign/vec4 v0x60000163fd50_0, 0;
    %load/vec4 v0x60000163f2a0_0;
    %assign/vec4 v0x60000163f330_0, 0;
    %load/vec4 v0x60000163f3c0_0;
    %assign/vec4 v0x60000163f450_0, 0;
T_7.1 ;
    %jmp T_7;
    .thread T_7;
    .scope S_0x137e063f0;
T_8 ;
    %wait E_0x600002a1c360;
    %load/vec4 v0x60000163a1c0_0;
    %dup/vec4;
    %pushi/vec4 0, 0, 2;
    %cmp/u;
    %jmp/1 T_8.0, 6;
    %dup/vec4;
    %pushi/vec4 1, 0, 2;
    %cmp/u;
    %jmp/1 T_8.1, 6;
    %dup/vec4;
    %pushi/vec4 2, 0, 2;
    %cmp/u;
    %jmp/1 T_8.2, 6;
    %dup/vec4;
    %pushi/vec4 3, 0, 2;
    %cmp/u;
    %jmp/1 T_8.3, 6;
    %jmp T_8.4;
T_8.0 ;
    %load/vec4 v0x600001639ef0_0;
    %store/vec4 v0x60000163a130_0, 0, 32;
    %jmp T_8.4;
T_8.1 ;
    %load/vec4 v0x600001639f80_0;
    %store/vec4 v0x60000163a130_0, 0, 32;
    %jmp T_8.4;
T_8.2 ;
    %load/vec4 v0x60000163a010_0;
    %store/vec4 v0x60000163a130_0, 0, 32;
    %jmp T_8.4;
T_8.3 ;
    %load/vec4 v0x60000163a0a0_0;
    %store/vec4 v0x60000163a130_0, 0, 32;
    %jmp T_8.4;
T_8.4 ;
    %pop/vec4 1;
    %jmp T_8;
    .thread T_8, $push;
    .scope S_0x137e045d0;
T_9 ;
    %wait E_0x600002a1c3f0;
    %load/vec4 v0x60000163a5b0_0;
    %dup/vec4;
    %pushi/vec4 0, 0, 2;
    %cmp/u;
    %jmp/1 T_9.0, 6;
    %dup/vec4;
    %pushi/vec4 1, 0, 2;
    %cmp/u;
    %jmp/1 T_9.1, 6;
    %dup/vec4;
    %pushi/vec4 2, 0, 2;
    %cmp/u;
    %jmp/1 T_9.2, 6;
    %dup/vec4;
    %pushi/vec4 3, 0, 2;
    %cmp/u;
    %jmp/1 T_9.3, 6;
    %jmp T_9.4;
T_9.0 ;
    %load/vec4 v0x60000163a2e0_0;
    %store/vec4 v0x60000163a520_0, 0, 32;
    %jmp T_9.4;
T_9.1 ;
    %load/vec4 v0x60000163a370_0;
    %store/vec4 v0x60000163a520_0, 0, 32;
    %jmp T_9.4;
T_9.2 ;
    %load/vec4 v0x60000163a400_0;
    %store/vec4 v0x60000163a520_0, 0, 32;
    %jmp T_9.4;
T_9.3 ;
    %load/vec4 v0x60000163a490_0;
    %store/vec4 v0x60000163a520_0, 0, 32;
    %jmp T_9.4;
T_9.4 ;
    %pop/vec4 1;
    %jmp T_9;
    .thread T_9, $push;
    .scope S_0x137e2c470;
T_10 ;
    %wait E_0x600002a1c0f0;
    %load/vec4 v0x6000016322e0_0;
    %dup/vec4;
    %pushi/vec4 0, 0, 4;
    %cmp/u;
    %jmp/1 T_10.0, 6;
    %dup/vec4;
    %pushi/vec4 1, 0, 4;
    %cmp/u;
    %jmp/1 T_10.1, 6;
    %dup/vec4;
    %pushi/vec4 3, 0, 4;
    %cmp/u;
    %jmp/1 T_10.2, 6;
    %dup/vec4;
    %pushi/vec4 4, 0, 4;
    %cmp/u;
    %jmp/1 T_10.3, 6;
    %dup/vec4;
    %pushi/vec4 5, 0, 4;
    %cmp/u;
    %jmp/1 T_10.4, 6;
    %dup/vec4;
    %pushi/vec4 6, 0, 4;
    %cmp/u;
    %jmp/1 T_10.5, 6;
    %dup/vec4;
    %pushi/vec4 2, 0, 4;
    %cmp/u;
    %jmp/1 T_10.6, 6;
    %pushi/vec4 2147483647, 2147483647, 32;
    %store/vec4 v0x600001632490_0, 0, 32;
    %jmp T_10.8;
T_10.0 ;
    %load/vec4 v0x600001632370_0;
    %load/vec4 v0x600001632400_0;
    %and;
    %store/vec4 v0x600001632490_0, 0, 32;
    %jmp T_10.8;
T_10.1 ;
    %load/vec4 v0x600001632370_0;
    %load/vec4 v0x600001632400_0;
    %xor;
    %store/vec4 v0x600001632490_0, 0, 32;
    %jmp T_10.8;
T_10.2 ;
    %load/vec4 v0x600001632370_0;
    %load/vec4 v0x600001632400_0;
    %add;
    %store/vec4 v0x600001632490_0, 0, 32;
    %jmp T_10.8;
T_10.3 ;
    %load/vec4 v0x600001632370_0;
    %load/vec4 v0x600001632400_0;
    %sub;
    %store/vec4 v0x600001632490_0, 0, 32;
    %jmp T_10.8;
T_10.4 ;
    %load/vec4 v0x600001632370_0;
    %load/vec4 v0x600001632400_0;
    %mul;
    %store/vec4 v0x600001632490_0, 0, 32;
    %jmp T_10.8;
T_10.5 ;
    %load/vec4 v0x600001632370_0;
    %ix/getv 4, v0x600001632520_0;
    %shiftr 4;
    %store/vec4 v0x600001632490_0, 0, 32;
    %jmp T_10.8;
T_10.6 ;
    %load/vec4 v0x600001632370_0;
    %ix/getv 4, v0x600001632520_0;
    %shiftl 4;
    %store/vec4 v0x600001632490_0, 0, 32;
    %jmp T_10.8;
T_10.8 ;
    %pop/vec4 1;
    %jmp T_10;
    .thread T_10, $push;
    .scope S_0x137e08790;
T_11 ;
    %wait E_0x600002a1c2d0;
    %load/vec4 v0x60000163d710_0;
    %assign/vec4 v0x60000163d7a0_0, 0;
    %load/vec4 v0x60000163d950_0;
    %assign/vec4 v0x60000163d9e0_0, 0;
    %load/vec4 v0x60000163d5f0_0;
    %assign/vec4 v0x60000163d680_0, 0;
    %load/vec4 v0x60000163db90_0;
    %assign/vec4 v0x60000163dc20_0, 0;
    %load/vec4 v0x60000163d830_0;
    %assign/vec4 v0x60000163d8c0_0, 0;
    %load/vec4 v0x60000163da70_0;
    %assign/vec4 v0x60000163db00_0, 0;
    %load/vec4 v0x60000163d440_0;
    %assign/vec4 v0x60000163d4d0_0, 0;
    %jmp T_11;
    .thread T_11;
    .scope S_0x137e08620;
T_12 ;
    %wait E_0x600002a1c2d0;
    %load/vec4 v0x60000163ce10_0;
    %flag_set/vec4 8;
    %jmp/0xz  T_12.0, 8;
    %load/vec4 v0x60000163d290_0;
    %load/vec4 v0x60000163d170_0;
    %ix/load 4, 2, 0;
    %flag_set/imm 4, 0;
    %shiftr 4;
    %ix/vec4 3;
    %ix/load 4, 0, 0; Constant delay
    %assign/vec4/a/d v0x60000163d3b0, 0, 4;
T_12.0 ;
    %jmp T_12;
    .thread T_12;
    .scope S_0x137e04740;
T_13 ;
    %wait E_0x600002a1c2d0;
    %load/vec4 v0x60000163a7f0_0;
    %assign/vec4 v0x60000163a880_0, 0;
    %load/vec4 v0x60000163ab50_0;
    %assign/vec4 v0x60000163abe0_0, 0;
    %load/vec4 v0x60000163aa30_0;
    %assign/vec4 v0x60000163aac0_0, 0;
    %load/vec4 v0x60000163a640_0;
    %assign/vec4 v0x60000163a6d0_0, 0;
    %load/vec4 v0x60000163a910_0;
    %assign/vec4 v0x60000163a9a0_0, 0;
    %jmp T_13;
    .thread T_13;
    .scope S_0x137e297b0;
T_14 ;
    %delay 25, 0;
    %load/vec4 v0x600001626130_0;
    %inv;
    %store/vec4 v0x600001626130_0, 0, 1;
    %jmp T_14;
    .thread T_14;
    .scope S_0x137e297b0;
T_15 ;
    %vpi_call 3 19 "$dumpfile", "CPU.vcd" {0 0 0};
    %vpi_call 3 20 "$dumpvars" {0 0 0};
    %pushi/vec4 0, 0, 32;
    %store/vec4 v0x600001626250_0, 0, 32;
    %pushi/vec4 0, 0, 32;
    %store/vec4 v0x6000016262e0_0, 0, 32;
T_15.0 ;
    %load/vec4 v0x6000016262e0_0;
    %cmpi/s 256, 0, 32;
    %jmp/0xz T_15.1, 5;
    %pushi/vec4 0, 0, 32;
    %ix/getv/s 4, v0x6000016262e0_0;
    %store/vec4a v0x600001638bd0, 4, 0;
    %load/vec4 v0x6000016262e0_0;
    %addi 1, 0, 32;
    %store/vec4 v0x6000016262e0_0, 0, 32;
    %jmp T_15.0;
T_15.1 ;
    %pushi/vec4 0, 0, 32;
    %store/vec4 v0x6000016262e0_0, 0, 32;
T_15.2 ;
    %load/vec4 v0x6000016262e0_0;
    %cmpi/s 32, 0, 32;
    %jmp/0xz T_15.3, 5;
    %pushi/vec4 0, 0, 32;
    %ix/getv/s 4, v0x6000016262e0_0;
    %store/vec4a v0x60000163d3b0, 4, 0;
    %load/vec4 v0x6000016262e0_0;
    %addi 1, 0, 32;
    %store/vec4 v0x6000016262e0_0, 0, 32;
    %jmp T_15.2;
T_15.3 ;
    %pushi/vec4 5, 0, 32;
    %ix/load 4, 0, 0;
    %flag_set/imm 4, 0;
    %store/vec4a v0x60000163d3b0, 4, 0;
    %pushi/vec4 6, 0, 32;
    %ix/load 4, 1, 0;
    %flag_set/imm 4, 0;
    %store/vec4a v0x60000163d3b0, 4, 0;
    %pushi/vec4 10, 0, 32;
    %ix/load 4, 2, 0;
    %flag_set/imm 4, 0;
    %store/vec4a v0x60000163d3b0, 4, 0;
    %pushi/vec4 18, 0, 32;
    %ix/load 4, 3, 0;
    %flag_set/imm 4, 0;
    %store/vec4a v0x60000163d3b0, 4, 0;
    %pushi/vec4 29, 0, 32;
    %ix/load 4, 4, 0;
    %flag_set/imm 4, 0;
    %store/vec4a v0x60000163d3b0, 4, 0;
    %pushi/vec4 0, 0, 32;
    %store/vec4 v0x6000016262e0_0, 0, 32;
T_15.4 ;
    %load/vec4 v0x6000016262e0_0;
    %cmpi/s 32, 0, 32;
    %jmp/0xz T_15.5, 5;
    %pushi/vec4 0, 0, 32;
    %ix/getv/s 4, v0x6000016262e0_0;
    %store/vec4a v0x60000163b960, 4, 0;
    %load/vec4 v0x6000016262e0_0;
    %addi 1, 0, 32;
    %store/vec4 v0x6000016262e0_0, 0, 32;
    %jmp T_15.4;
T_15.5 ;
    %pushi/vec4 4294967272, 0, 32;
    %ix/load 4, 24, 0;
    %flag_set/imm 4, 0;
    %store/vec4a v0x60000163b960, 4, 0;
    %pushi/vec4 4294967271, 0, 32;
    %ix/load 4, 25, 0;
    %flag_set/imm 4, 0;
    %store/vec4a v0x60000163b960, 4, 0;
    %pushi/vec4 4294967270, 0, 32;
    %ix/load 4, 26, 0;
    %flag_set/imm 4, 0;
    %store/vec4a v0x60000163b960, 4, 0;
    %pushi/vec4 4294967269, 0, 32;
    %ix/load 4, 27, 0;
    %flag_set/imm 4, 0;
    %store/vec4a v0x60000163b960, 4, 0;
    %pushi/vec4 56, 0, 32;
    %ix/load 4, 28, 0;
    %flag_set/imm 4, 0;
    %store/vec4a v0x60000163b960, 4, 0;
    %pushi/vec4 58, 0, 32;
    %ix/load 4, 29, 0;
    %flag_set/imm 4, 0;
    %store/vec4a v0x60000163b960, 4, 0;
    %pushi/vec4 60, 0, 32;
    %ix/load 4, 30, 0;
    %flag_set/imm 4, 0;
    %store/vec4a v0x60000163b960, 4, 0;
    %pushi/vec4 62, 0, 32;
    %ix/load 4, 31, 0;
    %flag_set/imm 4, 0;
    %store/vec4a v0x60000163b960, 4, 0;
    %pushi/vec4 0, 0, 32;
    %store/vec4 v0x600001638480_0, 0, 32;
    %pushi/vec4 0, 0, 32;
    %store/vec4 v0x6000016385a0_0, 0, 32;
    %pushi/vec4 0, 0, 32;
    %store/vec4 v0x600001638000_0, 0, 32;
    %pushi/vec4 0, 0, 32;
    %store/vec4 v0x600001638240_0, 0, 32;
    %pushi/vec4 0, 0, 5;
    %store/vec4 v0x60000163fc30_0, 0, 5;
    %pushi/vec4 0, 0, 32;
    %store/vec4 v0x60000163f690_0, 0, 32;
    %pushi/vec4 0, 0, 1;
    %store/vec4 v0x60000163f210_0, 0, 1;
    %pushi/vec4 0, 0, 4;
    %store/vec4 v0x60000163f0f0_0, 0, 4;
    %pushi/vec4 0, 0, 1;
    %store/vec4 v0x60000163f9f0_0, 0, 1;
    %pushi/vec4 0, 0, 1;
    %store/vec4 v0x60000163f8d0_0, 0, 1;
    %pushi/vec4 0, 0, 1;
    %store/vec4 v0x60000163f7b0_0, 0, 1;
    %pushi/vec4 0, 0, 1;
    %store/vec4 v0x60000163fd50_0, 0, 1;
    %pushi/vec4 0, 0, 1;
    %store/vec4 v0x60000163f330_0, 0, 1;
    %pushi/vec4 0, 0, 1;
    %store/vec4 v0x60000163f450_0, 0, 1;
    %pushi/vec4 0, 0, 32;
    %store/vec4 v0x60000163fb10_0, 0, 32;
    %pushi/vec4 0, 0, 1;
    %store/vec4 v0x60000163d7a0_0, 0, 1;
    %pushi/vec4 0, 0, 1;
    %store/vec4 v0x60000163d9e0_0, 0, 1;
    %pushi/vec4 0, 0, 1;
    %store/vec4 v0x60000163d680_0, 0, 1;
    %pushi/vec4 0, 0, 1;
    %store/vec4 v0x60000163dc20_0, 0, 1;
    %pushi/vec4 0, 0, 5;
    %store/vec4 v0x60000163db00_0, 0, 5;
    %pushi/vec4 0, 0, 32;
    %store/vec4 v0x60000163d4d0_0, 0, 32;
    %pushi/vec4 0, 0, 1;
    %store/vec4 v0x60000163a880_0, 0, 1;
    %pushi/vec4 0, 0, 1;
    %store/vec4 v0x60000163abe0_0, 0, 1;
    %pushi/vec4 0, 0, 5;
    %store/vec4 v0x60000163aac0_0, 0, 5;
    %pushi/vec4 0, 0, 32;
    %store/vec4 v0x60000163a6d0_0, 0, 32;
    %pushi/vec4 0, 0, 32;
    %store/vec4 v0x60000163a9a0_0, 0, 32;
    %vpi_call 3 87 "$readmemb", "../testdata/instruction_2.txt", v0x600001638bd0 {0 0 0};
    %vpi_func 3 91 "$fopen" 32, "output.txt" {0 0 0};
    %pushi/vec4 1, 0, 32;
    %or;
    %store/vec4 v0x600001626370_0, 0, 32;
    %pushi/vec4 0, 0, 1;
    %store/vec4 v0x600001626130_0, 0, 1;
    %pushi/vec4 1, 0, 1;
    %store/vec4 v0x6000016261c0_0, 0, 1;
    %delay 12, 0;
    %pushi/vec4 0, 0, 1;
    %store/vec4 v0x6000016261c0_0, 0, 1;
    %end;
    .thread T_15;
    .scope S_0x137e297b0;
T_16 ;
    %wait E_0x600002a1c2d0;
    %load/vec4 v0x600001626250_0;
    %cmpi/e 64, 0, 32;
    %jmp/0xz  T_16.0, 4;
    %vpi_call 3 106 "$finish" {0 0 0};
T_16.0 ;
    %vpi_call 3 110 "$fdisplay", v0x600001626370_0, "cycle = %6d, PC = %6d, ", v0x600001626250_0, v0x60000163ae20_0 {0 0 0};
    %vpi_call 3 111 "$fdisplay", v0x600001626370_0, "Predict = %6d,IFID_Flush = %6d", v0x600001632a30_0, v0x600001638360_0 {0 0 0};
    %load/vec4 v0x60000163f330_0;
    %cmpi/e 1, 0, 1;
    %jmp/0xz  T_16.2, 4;
    %load/vec4 v0x600001632490_0;
    %vpi_call 3 113 "$fdisplay", v0x600001626370_0, "ALU_out = %6d", S<0,vec4,s32> {1 0 0};
T_16.2 ;
    %vpi_call 3 117 "$fdisplay", v0x600001626370_0, "Registers" {0 0 0};
    %vpi_call 3 118 "$fdisplay", v0x600001626370_0, "x0 = %6d, x8  = %6d, x16 = %6d, x24 = %6d", &A<v0x60000163b960, 0>, &A<v0x60000163b960, 8>, &A<v0x60000163b960, 16>, &A<v0x60000163b960, 24> {0 0 0};
    %vpi_call 3 119 "$fdisplay", v0x600001626370_0, "x1 = %6d, x9  = %6d, x17 = %6d, x25 = %6d", &A<v0x60000163b960, 1>, &A<v0x60000163b960, 9>, &A<v0x60000163b960, 17>, &A<v0x60000163b960, 25> {0 0 0};
    %vpi_call 3 120 "$fdisplay", v0x600001626370_0, "x2 = %6d, x10 = %6d, x18 = %6d, x26 = %6d", &A<v0x60000163b960, 2>, &A<v0x60000163b960, 10>, &A<v0x60000163b960, 18>, &A<v0x60000163b960, 26> {0 0 0};
    %vpi_call 3 121 "$fdisplay", v0x600001626370_0, "x3 = %6d, x11 = %6d, x19 = %6d, x27 = %6d", &A<v0x60000163b960, 3>, &A<v0x60000163b960, 11>, &A<v0x60000163b960, 19>, &A<v0x60000163b960, 27> {0 0 0};
    %vpi_call 3 122 "$fdisplay", v0x600001626370_0, "x4 = %6d, x12 = %6d, x20 = %6d, x28 = %6d", &A<v0x60000163b960, 4>, &A<v0x60000163b960, 12>, &A<v0x60000163b960, 20>, &A<v0x60000163b960, 28> {0 0 0};
    %vpi_call 3 123 "$fdisplay", v0x600001626370_0, "x5 = %6d, x13 = %6d, x21 = %6d, x29 = %6d", &A<v0x60000163b960, 5>, &A<v0x60000163b960, 13>, &A<v0x60000163b960, 21>, &A<v0x60000163b960, 29> {0 0 0};
    %vpi_call 3 124 "$fdisplay", v0x600001626370_0, "x6 = %6d, x14 = %6d, x22 = %6d, x30 = %6d", &A<v0x60000163b960, 6>, &A<v0x60000163b960, 14>, &A<v0x60000163b960, 22>, &A<v0x60000163b960, 30> {0 0 0};
    %vpi_call 3 125 "$fdisplay", v0x600001626370_0, "x7 = %6d, x15 = %6d, x23 = %6d, x31 = %6d", &A<v0x60000163b960, 7>, &A<v0x60000163b960, 15>, &A<v0x60000163b960, 23>, &A<v0x60000163b960, 31> {0 0 0};
    %vpi_call 3 129 "$fdisplay", v0x600001626370_0, "Data Memory: 0x00 = %6d", &A<v0x60000163d3b0, 0> {0 0 0};
    %vpi_call 3 130 "$fdisplay", v0x600001626370_0, "Data Memory: 0x04 = %6d", &A<v0x60000163d3b0, 1> {0 0 0};
    %vpi_call 3 131 "$fdisplay", v0x600001626370_0, "Data Memory: 0x08 = %6d", &A<v0x60000163d3b0, 2> {0 0 0};
    %vpi_call 3 132 "$fdisplay", v0x600001626370_0, "Data Memory: 0x0C = %6d", &A<v0x60000163d3b0, 3> {0 0 0};
    %vpi_call 3 133 "$fdisplay", v0x600001626370_0, "Data Memory: 0x10 = %6d", &A<v0x60000163d3b0, 4> {0 0 0};
    %vpi_call 3 134 "$fdisplay", v0x600001626370_0, "Data Memory: 0x14 = %6d", &A<v0x60000163d3b0, 5> {0 0 0};
    %vpi_call 3 135 "$fdisplay", v0x600001626370_0, "Data Memory: 0x18 = %6d", &A<v0x60000163d3b0, 6> {0 0 0};
    %vpi_call 3 136 "$fdisplay", v0x600001626370_0, "Data Memory: 0x1C = %6d", &A<v0x60000163d3b0, 7> {0 0 0};
    %vpi_call 3 138 "$fdisplay", v0x600001626370_0, "\012" {0 0 0};
    %load/vec4 v0x600001626250_0;
    %addi 1, 0, 32;
    %store/vec4 v0x600001626250_0, 0, 32;
    %jmp T_16;
    .thread T_16;
# The file index is used to find the file name in the following table.
:file_names 17;
    "N/A";
    "<interactive>";
    "Arithmetics.v";
    "testbench.v";
    "CPU.v";
    "ALU.v";
    "Branch_Predictor.v";
    "Control.v";
    "Hazard_Detection.v";
    "Data_Memory.v";
    "Flop.v";
    "Forwarding.v";
    "Imm_Gen.v";
    "Instruction_Memory.v";
    "MUX32.v";
    "PC.v";
    "Registers.v";
